Starting run at 2022-08-28 18:14:33.459118
2022-08-28 18:14:33.459408: SOLUTION FOUND - Traversals = 15, Comparisons = 382
[Houston - Distance 0 - Wait 2, Arlington - Distance 0 - Wait 2, Kansas City - Distance 1 - Wait 2, Minneapolis - Distance 1 - Wait 2, Cleveland - Distance 2 - Wait 2, Detroit - Distance 0 - Wait 2, Chicago - U.S. Cellular - Distance 0 - Wait 2, Boston - Distance 2 - Wait 2, The Bronx - Distance 0 - Wait 2, Baltimore - Distance 0 - Wait 2, Toronto - Distance 1 - Wait 3, St. Petersburg - Distance 3 - Wait 2, Anaheim - Distance 5 - Wait 2, Oakland - Distance 1 - Wait 2, Seattle - Distance 2 - Wait 7]
Home - Austin - 5 days
TOTAL - 59
2022-08-28 18:14:33.459480: SOLUTION FOUND - Traversals = 20, Comparisons = 397
[Houston - Distance 0 - Wait 2, Arlington - Distance 0 - Wait 2, Kansas City - Distance 1 - Wait 2, Minneapolis - Distance 1 - Wait 2, Cleveland - Distance 2 - Wait 2, Detroit - Distance 0 - Wait 2, Chicago - U.S. Cellular - Distance 0 - Wait 2, Boston - Distance 2 - Wait 2, The Bronx - Distance 0 - Wait 2, Baltimore - Distance 0 - Wait 2, Toronto - Distance 1 - Wait 3, Seattle - Distance 5 - Wait 2, Anaheim - Distance 2 - Wait 2, Oakland - Distance 1 - Wait 2, St. Petersburg - Distance 6 - Wait 2]
Home - Austin - 2 days
TOTAL - 54
2022-08-28 18:14:33.469661: SOLUTION FOUND - Traversals = 2745, Comparisons = 9726
[Houston - Distance 0 - Wait 2, Arlington - Distance 0 - Wait 2, Kansas City - Distance 1 - Wait 2, Minneapolis - Distance 1 - Wait 2, Cleveland - Distance 2 - Wait 2, Detroit - Distance 0 - Wait 2, Toronto - Distance 0 - Wait 2, Boston - Distance 1 - Wait 2, The Bronx - Distance 0 - Wait 2, Baltimore - Distance 0 - Wait 2, Chicago - U.S. Cellular - Distance 1 - Wait 3, Oakland - Distance 4 - Wait 2, Anaheim - Distance 1 - Wait 2, Seattle - Distance 2 - Wait 2, St. Petersburg - Distance 7 - Wait 2]
Home - Austin - 2 days
TOTAL - 53
2022-08-28 18:14:34.820514: SOLUTION FOUND - Traversals = 380583, Comparisons = 1586730
[Houston - Distance 0 - Wait 2, Arlington - Distance 0 - Wait 2, Kansas City - Distance 1 - Wait 2, Cleveland - Distance 2 - Wait 2, St. Petersburg - Distance 2 - Wait 2, Boston - Distance 3 - Wait 2, The Bronx - Distance 0 - Wait 2, Baltimore - Distance 0 - Wait 2, Toronto - Distance 1 - Wait 2, Detroit - Distance 0 - Wait 2, Minneapolis - Distance 1 - Wait 2, Seattle - Distance 3 - Wait 2, Anaheim - Distance 2 - Wait 2, Oakland - Distance 1 - Wait 2, Chicago - U.S. Cellular - Distance 4 - Wait 2]
Home - Austin - 2 days
TOTAL - 52
2022-08-28 18:14:35.106038: SOLUTION FOUND - Traversals = 465767, Comparisons = 1906924
[Houston - Distance 0 - Wait 2, Arlington - Distance 0 - Wait 2, Kansas City - Distance 1 - Wait 2, Baltimore - Distance 2 - Wait 2, Cleveland - Distance 1 - Wait 2, Detroit - Distance 0 - Wait 2, Toronto - Distance 0 - Wait 2, Boston - Distance 1 - Wait 2, The Bronx - Distance 0 - Wait 2, St. Petersburg - Distance 2 - Wait 2, Oakland - Distance 5 - Wait 2, Anaheim - Distance 1 - Wait 2, Seattle - Distance 2 - Wait 2, Minneapolis - Distance 3 - Wait 1, Chicago - U.S. Cellular - Distance 1 - Wait 2]
Home - Austin - 2 days
TOTAL - 50
2022-08-28 18:16:06.581616
Total traversals - 29829078
Total comparisons - 100656912
