Starting run at 2022-08-28 18:17:01.250108
2022-08-28 18:17:01.250158: SOLUTION FOUND - Traversals = 5, Comparisons = 31
[Kansas City - Distance 1 - Wait 2, Chicago - U.S. Cellular - Distance 1 - Wait 3, Cleveland - Distance 1 - Wait 2, Minneapolis - Distance 1 - Wait 2, Detroit - Distance 2 - Wait 2]
Home - Austin - 3 days
TOTAL - 20
2022-08-28 18:17:01.250203: SOLUTION FOUND - Traversals = 8, Comparisons = 36
[Kansas City - Distance 1 - Wait 2, Chicago - U.S. Cellular - Distance 1 - Wait 3, Minneapolis - Distance 1 - Wait 2, Cleveland - Distance 2 - Wait 2, Detroit - Distance 0 - Wait 2]
Home - Austin - 3 days
TOTAL - 19
2022-08-28 18:17:01.250246: SOLUTION FOUND - Traversals = 18, Comparisons = 62
[Kansas City - Distance 1 - Wait 2, Detroit - Distance 2 - Wait 3, Cleveland - Distance 0 - Wait 2, Minneapolis - Distance 1 - Wait 2, Chicago - U.S. Cellular - Distance 1 - Wait 2]
Home - Austin - 2 days
TOTAL - 18
2022-08-28 18:17:01.250312: SOLUTION FOUND - Traversals = 34, Comparisons = 118
[Chicago - U.S. Cellular - Distance 2 - Wait 3, Detroit - Distance 1 - Wait 2, Cleveland - Distance 0 - Wait 2, Minneapolis - Distance 1 - Wait 2, Kansas City - Distance 1 - Wait 2]
Home - Austin - 1 days
TOTAL - 17
2022-08-28 18:17:01.250385
Total traversals - 49
Total comparisons - 190
