Starting run at 2023-03-19 14:58:34.452392
2023-03-19 14:58:34.452752: SOLUTION FOUND - Traversals = 25, Comparisons = 1238
[Houston - Distance 0 - Wait 1, Arlington - Distance 0 - Wait 2, St. Louis - Distance 1 - Wait 1, Kansas City - Distance 0 - Wait 1, Denver - Distance 1 - Wait 2, Phoenix - Distance 2 - Wait 1, San Diego - Distance 1 - Wait 2, Seattle - Distance 3 - Wait 1, Minneapolis - Distance 3 - Wait 1, Cleveland - Distance 2 - Wait 1, Cincinnati - Distance 0 - Wait 1, Detroit - Distance 1 - Wait 1, Toronto - Distance 0 - Wait 1, Boston - Distance 1 - Wait 2, Philadelphia - Distance 1 - Wait 3, Milwaukee - Distance 2 - Wait 1, Miami - Distance 3 - Wait 1, BWI - Distance 2 - Wait 5, Atlanta - Distance 1 - Wait 2, St. Petersburg - Distance 1 - Wait 1, Chicago - Distance 2 - Wait 3, Pittsburgh - Distance 1 - Wait 3, Bay Area - Distance 5 - Wait 5, Southern California - Distance 1 - Wait 7, New York - Distance 6 - Wait 7]
Home - Austin - 3 days
TOTAL - 99
2023-03-19 14:58:34.452836: SOLUTION FOUND - Traversals = 35, Comparisons = 1258
[Houston - Distance 0 - Wait 1, Arlington - Distance 0 - Wait 2, St. Louis - Distance 1 - Wait 1, Kansas City - Distance 0 - Wait 1, Denver - Distance 1 - Wait 2, Phoenix - Distance 2 - Wait 1, San Diego - Distance 1 - Wait 2, Seattle - Distance 3 - Wait 1, Minneapolis - Distance 3 - Wait 1, Cleveland - Distance 2 - Wait 1, Cincinnati - Distance 0 - Wait 1, Detroit - Distance 1 - Wait 1, Toronto - Distance 0 - Wait 1, Boston - Distance 1 - Wait 2, Philadelphia - Distance 1 - Wait 3, Milwaukee - Distance 2 - Wait 1, Miami - Distance 3 - Wait 1, BWI - Distance 2 - Wait 5, Atlanta - Distance 1 - Wait 2, St. Petersburg - Distance 1 - Wait 1, Chicago - Distance 2 - Wait 3, Southern California - Distance 4 - Wait 4, Bay Area - Distance 1 - Wait 5, Pittsburgh - Distance 5 - Wait 2, New York - Distance 1 - Wait 6]
Home - Austin - 3 days
TOTAL - 92
2023-03-19 14:58:34.452864: SOLUTION FOUND - Traversals = 40, Comparisons = 1275
[Houston - Distance 0 - Wait 1, Arlington - Distance 0 - Wait 2, St. Louis - Distance 1 - Wait 1, Kansas City - Distance 0 - Wait 1, Denver - Distance 1 - Wait 2, Phoenix - Distance 2 - Wait 1, San Diego - Distance 1 - Wait 2, Seattle - Distance 3 - Wait 1, Minneapolis - Distance 3 - Wait 1, Cleveland - Distance 2 - Wait 1, Cincinnati - Distance 0 - Wait 1, Detroit - Distance 1 - Wait 1, Toronto - Distance 0 - Wait 1, Boston - Distance 1 - Wait 2, Philadelphia - Distance 1 - Wait 3, Milwaukee - Distance 2 - Wait 1, Miami - Distance 3 - Wait 1, BWI - Distance 2 - Wait 5, Atlanta - Distance 1 - Wait 2, St. Petersburg - Distance 1 - Wait 1, Chicago - Distance 2 - Wait 3, New York - Distance 2 - Wait 6, Pittsburgh - Distance 1 - Wait 2, Bay Area - Distance 5 - Wait 5, Southern California - Distance 1 - Wait 3]
Home - Austin - 3 days
TOTAL - 89
2023-03-19 14:58:34.467097: SOLUTION FOUND - Traversals = 7329, Comparisons = 29480
[Houston - Distance 0 - Wait 1, Arlington - Distance 0 - Wait 2, St. Louis - Distance 1 - Wait 1, Kansas City - Distance 0 - Wait 1, Denver - Distance 1 - Wait 2, Phoenix - Distance 2 - Wait 1, San Diego - Distance 1 - Wait 2, Seattle - Distance 3 - Wait 1, Minneapolis - Distance 3 - Wait 1, Cleveland - Distance 2 - Wait 1, Cincinnati - Distance 0 - Wait 1, Detroit - Distance 1 - Wait 1, Toronto - Distance 0 - Wait 1, Boston - Distance 1 - Wait 2, Philadelphia - Distance 1 - Wait 3, Milwaukee - Distance 2 - Wait 1, Chicago - Distance 0 - Wait 4, BWI - Distance 2 - Wait 5, New York - Distance 1 - Wait 3, Bay Area - Distance 5 - Wait 3, Southern California - Distance 1 - Wait 5, Atlanta - Distance 5 - Wait 4, Pittsburgh - Distance 1 - Wait 3, Miami - Distance 2 - Wait 1, St. Petersburg - Distance 0 - Wait 1]
Home - Austin - 2 days
TOTAL - 88
2023-03-19 14:58:34.517734: SOLUTION FOUND - Traversals = 31867, Comparisons = 119910
[Houston - Distance 0 - Wait 1, Arlington - Distance 0 - Wait 2, St. Louis - Distance 1 - Wait 1, Kansas City - Distance 0 - Wait 1, Denver - Distance 1 - Wait 2, Phoenix - Distance 2 - Wait 1, San Diego - Distance 1 - Wait 2, Seattle - Distance 3 - Wait 1, Minneapolis - Distance 3 - Wait 1, Cleveland - Distance 2 - Wait 1, Cincinnati - Distance 0 - Wait 1, Detroit - Distance 1 - Wait 1, Toronto - Distance 0 - Wait 1, Boston - Distance 1 - Wait 2, Philadelphia - Distance 1 - Wait 3, New York - Distance 0 - Wait 3, BWI - Distance 1 - Wait 3, Miami - Distance 2 - Wait 2, Atlanta - Distance 1 - Wait 2, Milwaukee - Distance 2 - Wait 1, St. Petersburg - Distance 3 - Wait 1, Chicago - Distance 2 - Wait 3, Pittsburgh - Distance 1 - Wait 1, Bay Area - Distance 5 - Wait 5, Southern California - Distance 1 - Wait 7]
Home - Austin - 3 days
TOTAL - 86
2023-03-19 14:58:34.517974: SOLUTION FOUND - Traversals = 31956, Comparisons = 120174
[Houston - Distance 0 - Wait 1, Arlington - Distance 0 - Wait 2, St. Louis - Distance 1 - Wait 1, Kansas City - Distance 0 - Wait 1, Denver - Distance 1 - Wait 2, Phoenix - Distance 2 - Wait 1, San Diego - Distance 1 - Wait 2, Seattle - Distance 3 - Wait 1, Minneapolis - Distance 3 - Wait 1, Cleveland - Distance 2 - Wait 1, Cincinnati - Distance 0 - Wait 1, Detroit - Distance 1 - Wait 1, Toronto - Distance 0 - Wait 1, Boston - Distance 1 - Wait 2, Philadelphia - Distance 1 - Wait 3, New York - Distance 0 - Wait 3, BWI - Distance 1 - Wait 3, Miami - Distance 2 - Wait 2, Atlanta - Distance 1 - Wait 2, St. Petersburg - Distance 1 - Wait 2, Milwaukee - Distance 3 - Wait 1, Chicago - Distance 0 - Wait 3, Southern California - Distance 4 - Wait 4, Bay Area - Distance 1 - Wait 5, Pittsburgh - Distance 5 - Wait 2]
Home - Austin - 3 days
TOTAL - 85
2023-03-19 14:58:34.518592: SOLUTION FOUND - Traversals = 32265, Comparisons = 121363
[Houston - Distance 0 - Wait 1, Arlington - Distance 0 - Wait 2, St. Louis - Distance 1 - Wait 1, Kansas City - Distance 0 - Wait 1, Denver - Distance 1 - Wait 2, Phoenix - Distance 2 - Wait 1, San Diego - Distance 1 - Wait 2, Seattle - Distance 3 - Wait 1, Minneapolis - Distance 3 - Wait 1, Cleveland - Distance 2 - Wait 1, Cincinnati - Distance 0 - Wait 1, Detroit - Distance 1 - Wait 1, Toronto - Distance 0 - Wait 1, Boston - Distance 1 - Wait 2, Philadelphia - Distance 1 - Wait 3, New York - Distance 0 - Wait 3, BWI - Distance 1 - Wait 3, Miami - Distance 2 - Wait 2, St. Petersburg - Distance 0 - Wait 3, Pittsburgh - Distance 2 - Wait 1, Atlanta - Distance 1 - Wait 1, Milwaukee - Distance 2 - Wait 2, Southern California - Distance 4 - Wait 5, Bay Area - Distance 1 - Wait 5, Chicago - Distance 4 - Wait 3]
Home - Austin - 2 days
TOTAL - 84
2023-03-19 14:58:34.518614: SOLUTION FOUND - Traversals = 32269, Comparisons = 121375
[Houston - Distance 0 - Wait 1, Arlington - Distance 0 - Wait 2, St. Louis - Distance 1 - Wait 1, Kansas City - Distance 0 - Wait 1, Denver - Distance 1 - Wait 2, Phoenix - Distance 2 - Wait 1, San Diego - Distance 1 - Wait 2, Seattle - Distance 3 - Wait 1, Minneapolis - Distance 3 - Wait 1, Cleveland - Distance 2 - Wait 1, Cincinnati - Distance 0 - Wait 1, Detroit - Distance 1 - Wait 1, Toronto - Distance 0 - Wait 1, Boston - Distance 1 - Wait 2, Philadelphia - Distance 1 - Wait 3, New York - Distance 0 - Wait 3, BWI - Distance 1 - Wait 3, Miami - Distance 2 - Wait 2, St. Petersburg - Distance 0 - Wait 3, Pittsburgh - Distance 2 - Wait 1, Atlanta - Distance 1 - Wait 1, Chicago - Distance 1 - Wait 4, Southern California - Distance 4 - Wait 4, Bay Area - Distance 1 - Wait 5, Milwaukee - Distance 4 - Wait 2]
Home - Austin - 2 days
TOTAL - 83
2023-03-19 14:58:34.932608: SOLUTION FOUND - Traversals = 211269, Comparisons = 991521
[Houston - Distance 0 - Wait 1, Arlington - Distance 0 - Wait 2, St. Louis - Distance 1 - Wait 1, Kansas City - Distance 0 - Wait 1, Denver - Distance 1 - Wait 2, Phoenix - Distance 2 - Wait 1, San Diego - Distance 1 - Wait 2, Seattle - Distance 3 - Wait 1, Minneapolis - Distance 3 - Wait 1, Cleveland - Distance 2 - Wait 1, Cincinnati - Distance 0 - Wait 1, Detroit - Distance 1 - Wait 1, Toronto - Distance 0 - Wait 1, Boston - Distance 1 - Wait 2, New York - Distance 0 - Wait 4, Philadelphia - Distance 0 - Wait 1, Pittsburgh - Distance 1 - Wait 1, Atlanta - Distance 1 - Wait 1, Miami - Distance 1 - Wait 1, BWI - Distance 2 - Wait 5, St. Petersburg - Distance 2 - Wait 1, Milwaukee - Distance 3 - Wait 1, Chicago - Distance 0 - Wait 3, Southern California - Distance 4 - Wait 4, Bay Area - Distance 1 - Wait 5]
Home - Austin - 4 days
TOTAL - 79
2023-03-19 14:59:19.655797: SOLUTION FOUND - Traversals = 19104165, Comparisons = 94988896
[Houston - Distance 0 - Wait 1, Arlington - Distance 0 - Wait 2, St. Louis - Distance 1 - Wait 1, Kansas City - Distance 0 - Wait 1, Denver - Distance 1 - Wait 2, Phoenix - Distance 2 - Wait 1, San Diego - Distance 1 - Wait 2, Seattle - Distance 3 - Wait 1, Minneapolis - Distance 3 - Wait 1, Cleveland - Distance 2 - Wait 1, Cincinnati - Distance 0 - Wait 1, Miami - Distance 2 - Wait 1, Boston - Distance 3 - Wait 1, New York - Distance 0 - Wait 3, Philadelphia - Distance 0 - Wait 1, Pittsburgh - Distance 1 - Wait 1, Chicago - Distance 1 - Wait 3, Milwaukee - Distance 0 - Wait 1, Toronto - Distance 1 - Wait 1, BWI - Distance 1 - Wait 3, St. Petersburg - Distance 2 - Wait 1, Atlanta - Distance 1 - Wait 1, Bay Area - Distance 5 - Wait 3, Southern California - Distance 1 - Wait 4, Detroit - Distance 5 - Wait 1]
Home - Austin - 3 days
TOTAL - 78
2023-03-19 15:28:37.088309: SOLUTION FOUND - Traversals = 575090019, Comparisons = 3060282382
[Houston - Distance 0 - Wait 1, Arlington - Distance 0 - Wait 2, St. Louis - Distance 1 - Wait 1, Kansas City - Distance 0 - Wait 1, Denver - Distance 1 - Wait 2, Phoenix - Distance 2 - Wait 1, San Diego - Distance 1 - Wait 2, Seattle - Distance 3 - Wait 1, Minneapolis - Distance 3 - Wait 1, Atlanta - Distance 2 - Wait 1, St. Petersburg - Distance 1 - Wait 1, Miami - Distance 0 - Wait 2, Boston - Distance 3 - Wait 1, New York - Distance 0 - Wait 3, Philadelphia - Distance 0 - Wait 1, Pittsburgh - Distance 1 - Wait 1, Cleveland - Distance 0 - Wait 1, Cincinnati - Distance 0 - Wait 1, Detroit - Distance 1 - Wait 1, BWI - Distance 1 - Wait 3, Toronto - Distance 1 - Wait 1, Chicago - Distance 1 - Wait 4, Milwaukee - Distance 0 - Wait 2, Bay Area - Distance 4 - Wait 3, Southern California - Distance 1 - Wait 4]
Home - Austin - 3 days
TOTAL - 72
2023-03-22 16:58:35.375747: SOLUTION FOUND - Traversals = 134042905155, Comparisons = 472961439542
[Houston - Distance 0 - Wait 1, Arlington - Distance 0 - Wait 2, St. Louis - Distance 1 - Wait 1, Kansas City - Distance 0 - Wait 1, Atlanta - Distance 2 - Wait 1, Philadelphia - Distance 2 - Wait 1, New York - Distance 0 - Wait 3, Boston - Distance 0 - Wait 1, Detroit - Distance 2 - Wait 1, Chicago - Distance 0 - Wait 3, Milwaukee - Distance 0 - Wait 1, Cincinnati - Distance 1 - Wait 2, Cleveland - Distance 0 - Wait 1, Pittsburgh - Distance 0 - Wait 1, Toronto - Distance 1 - Wait 1, Miami - Distance 3 - Wait 1, St. Petersburg - Distance 0 - Wait 1, Bay Area - Distance 5 - Wait 3, Phoenix - Distance 1 - Wait 1, San Diego - Distance 1 - Wait 1, Southern California - Distance 0 - Wait 4, Seattle - Distance 2 - Wait 1, Minneapolis - Distance 3 - Wait 1, BWI - Distance 3 - Wait 3, Denver - Distance 3 - Wait 2]
Home - Austin - 2 days
TOTAL - 71
