Starting run at 2022-09-15 00:01:10.209103
2022-09-15 00:01:10.210359: SOLUTION FOUND - Traversals = 25, Comparisons = 1228
[St. Louis - Distance 1 - Wait 2, Kansas City - Distance 0 - Wait 2, Minneapolis - Distance 1 - Wait 2, Milwaukee - Distance 1 - Wait 1, Pittsburgh - Distance 1 - Wait 1, Cleveland - Distance 0 - Wait 2, Detroit - Distance 0 - Wait 2, Toronto - Distance 0 - Wait 2, Cincinnati - Distance 1 - Wait 2, Philadelphia - Distance 1 - Wait 1, New York - Distance 0 - Wait 4, Boston - Distance 0 - Wait 3, Miami - Distance 3 - Wait 1, St. Petersburg - Distance 0 - Wait 2, Atlanta - Distance 1 - Wait 2, Denver - Distance 3 - Wait 2, San Diego - Distance 2 - Wait 1, Southern California - Distance 0 - Wait 4, Seattle - Distance 2 - Wait 2, Phoenix - Distance 3 - Wait 2, Bay Area - Distance 1 - Wait 3, Arlington - Distance 4 - Wait 2, Houston - Distance 0 - Wait 6, Chicago - Distance 2 - Wait 4, BWI - Distance 2 - Wait 12]
Home - Bowling Green - 1 days
TOTAL - 97
2022-09-15 00:01:10.210472: SOLUTION FOUND - Traversals = 31, Comparisons = 1238
[St. Louis - Distance 1 - Wait 2, Kansas City - Distance 0 - Wait 2, Minneapolis - Distance 1 - Wait 2, Milwaukee - Distance 1 - Wait 1, Pittsburgh - Distance 1 - Wait 1, Cleveland - Distance 0 - Wait 2, Detroit - Distance 0 - Wait 2, Toronto - Distance 0 - Wait 2, Cincinnati - Distance 1 - Wait 2, Philadelphia - Distance 1 - Wait 1, New York - Distance 0 - Wait 4, Boston - Distance 0 - Wait 3, Miami - Distance 3 - Wait 1, St. Petersburg - Distance 0 - Wait 2, Atlanta - Distance 1 - Wait 2, Denver - Distance 3 - Wait 2, San Diego - Distance 2 - Wait 1, Southern California - Distance 0 - Wait 4, Seattle - Distance 2 - Wait 2, Phoenix - Distance 3 - Wait 2, Bay Area - Distance 1 - Wait 3, Arlington - Distance 4 - Wait 2, BWI - Distance 3 - Wait 6, Houston - Distance 3 - Wait 2, Chicago - Distance 2 - Wait 4]
Home - Bowling Green - 1 days
TOTAL - 91
2022-09-15 00:01:10.234873: SOLUTION FOUND - Traversals = 5276, Comparisons = 22858
[St. Louis - Distance 1 - Wait 2, Kansas City - Distance 0 - Wait 2, Minneapolis - Distance 1 - Wait 2, Milwaukee - Distance 1 - Wait 1, Pittsburgh - Distance 1 - Wait 1, Cleveland - Distance 0 - Wait 2, Detroit - Distance 0 - Wait 2, Toronto - Distance 0 - Wait 2, Cincinnati - Distance 1 - Wait 2, Philadelphia - Distance 1 - Wait 1, New York - Distance 0 - Wait 4, Boston - Distance 0 - Wait 3, Miami - Distance 3 - Wait 1, St. Petersburg - Distance 0 - Wait 2, Atlanta - Distance 1 - Wait 2, Denver - Distance 3 - Wait 2, Arlington - Distance 2 - Wait 2, Houston - Distance 0 - Wait 3, BWI - Distance 3 - Wait 4, Chicago - Distance 1 - Wait 3, Phoenix - Distance 3 - Wait 2, San Diego - Distance 1 - Wait 1, Bay Area - Distance 1 - Wait 5, Seattle - Distance 2 - Wait 2, Southern California - Distance 2 - Wait 5]
Home - Bowling Green - 4 days
TOTAL - 90
2022-09-15 00:01:10.405617: SOLUTION FOUND - Traversals = 42070, Comparisons = 172486
[St. Louis - Distance 1 - Wait 2, Kansas City - Distance 0 - Wait 2, Minneapolis - Distance 1 - Wait 2, Milwaukee - Distance 1 - Wait 1, Pittsburgh - Distance 1 - Wait 1, Cleveland - Distance 0 - Wait 2, Detroit - Distance 0 - Wait 2, Toronto - Distance 0 - Wait 2, Cincinnati - Distance 1 - Wait 2, Philadelphia - Distance 1 - Wait 1, New York - Distance 0 - Wait 4, Boston - Distance 0 - Wait 3, Miami - Distance 3 - Wait 1, St. Petersburg - Distance 0 - Wait 2, Atlanta - Distance 1 - Wait 2, Phoenix - Distance 3 - Wait 2, Bay Area - Distance 1 - Wait 3, BWI - Distance 6 - Wait 4, Chicago - Distance 1 - Wait 3, Houston - Distance 2 - Wait 2, Arlington - Distance 0 - Wait 2, Denver - Distance 2 - Wait 2, Seattle - Distance 2 - Wait 2, Southern California - Distance 2 - Wait 5, San Diego - Distance 0 - Wait 3]
Home - Bowling Green - 3 days
TOTAL - 89
2022-09-15 00:01:10.459416: SOLUTION FOUND - Traversals = 54723, Comparisons = 218267
[St. Louis - Distance 1 - Wait 2, Kansas City - Distance 0 - Wait 2, Minneapolis - Distance 1 - Wait 2, Milwaukee - Distance 1 - Wait 1, Pittsburgh - Distance 1 - Wait 1, Cleveland - Distance 0 - Wait 2, Detroit - Distance 0 - Wait 2, Toronto - Distance 0 - Wait 2, Cincinnati - Distance 1 - Wait 2, Philadelphia - Distance 1 - Wait 1, New York - Distance 0 - Wait 4, Boston - Distance 0 - Wait 3, Miami - Distance 3 - Wait 1, St. Petersburg - Distance 0 - Wait 2, Atlanta - Distance 1 - Wait 2, BWI - Distance 1 - Wait 4, Denver - Distance 3 - Wait 1, San Diego - Distance 2 - Wait 1, Seattle - Distance 3 - Wait 2, Chicago - Distance 4 - Wait 3, Houston - Distance 2 - Wait 2, Arlington - Distance 0 - Wait 2, Bay Area - Distance 3 - Wait 3, Phoenix - Distance 1 - Wait 2, Southern California - Distance 1 - Wait 4]
Home - Bowling Green - 4 days
TOTAL - 87
2022-09-15 00:01:10.635546: SOLUTION FOUND - Traversals = 90067, Comparisons = 377934
[St. Louis - Distance 1 - Wait 2, Kansas City - Distance 0 - Wait 2, Minneapolis - Distance 1 - Wait 2, Milwaukee - Distance 1 - Wait 1, Pittsburgh - Distance 1 - Wait 1, Cleveland - Distance 0 - Wait 2, Detroit - Distance 0 - Wait 2, Toronto - Distance 0 - Wait 2, Cincinnati - Distance 1 - Wait 2, Philadelphia - Distance 1 - Wait 1, New York - Distance 0 - Wait 4, Boston - Distance 0 - Wait 3, Miami - Distance 3 - Wait 1, St. Petersburg - Distance 0 - Wait 2, Atlanta - Distance 1 - Wait 2, Chicago - Distance 1 - Wait 4, BWI - Distance 2 - Wait 5, Denver - Distance 3 - Wait 1, Seattle - Distance 2 - Wait 2, Bay Area - Distance 2 - Wait 3, Phoenix - Distance 1 - Wait 2, San Diego - Distance 1 - Wait 1, Southern California - Distance 0 - Wait 7, Arlington - Distance 3 - Wait 2, Houston - Distance 0 - Wait 2]
Home - Bowling Green - 2 days
TOTAL - 85
2022-09-15 00:01:24.517286: SOLUTION FOUND - Traversals = 3399336, Comparisons = 11534230
[St. Louis - Distance 1 - Wait 2, Kansas City - Distance 0 - Wait 2, Minneapolis - Distance 1 - Wait 2, Milwaukee - Distance 1 - Wait 1, Pittsburgh - Distance 1 - Wait 1, Cleveland - Distance 0 - Wait 2, Detroit - Distance 0 - Wait 2, Toronto - Distance 0 - Wait 2, Cincinnati - Distance 1 - Wait 2, Philadelphia - Distance 1 - Wait 1, New York - Distance 0 - Wait 4, Boston - Distance 0 - Wait 3, Seattle - Distance 6 - Wait 2, Bay Area - Distance 2 - Wait 3, Phoenix - Distance 1 - Wait 2, Southern California - Distance 1 - Wait 4, San Diego - Distance 0 - Wait 1, Denver - Distance 2 - Wait 1, Atlanta - Distance 3 - Wait 2, BWI - Distance 1 - Wait 3, Miami - Distance 2 - Wait 2, St. Petersburg - Distance 0 - Wait 2, Arlington - Distance 2 - Wait 3, Houston - Distance 0 - Wait 2, Chicago - Distance 2 - Wait 3]
Home - Bowling Green - 1 days
TOTAL - 83
2022-09-15 00:15:42.933371: SOLUTION FOUND - Traversals = 214044861, Comparisons = 700062369
[St. Louis - Distance 1 - Wait 2, Kansas City - Distance 0 - Wait 2, Minneapolis - Distance 1 - Wait 2, Milwaukee - Distance 1 - Wait 1, Pittsburgh - Distance 1 - Wait 1, Cleveland - Distance 0 - Wait 2, Detroit - Distance 0 - Wait 2, Toronto - Distance 0 - Wait 2, Boston - Distance 1 - Wait 2, Philadelphia - Distance 1 - Wait 1, New York - Distance 0 - Wait 4, Arlington - Distance 3 - Wait 2, Seattle - Distance 4 - Wait 2, Bay Area - Distance 2 - Wait 3, Phoenix - Distance 1 - Wait 2, Southern California - Distance 1 - Wait 4, San Diego - Distance 0 - Wait 1, Denver - Distance 2 - Wait 1, Chicago - Distance 2 - Wait 4, Houston - Distance 2 - Wait 2, Miami - Distance 3 - Wait 1, St. Petersburg - Distance 0 - Wait 2, Atlanta - Distance 1 - Wait 2, BWI - Distance 1 - Wait 4, Cincinnati - Distance 1 - Wait 2]
Home - Bowling Green - 0 days
TOTAL - 82
2022-09-15 05:33:34.048721: SOLUTION FOUND - Traversals = 5315318986, Comparisons = 16321223022
[St. Louis - Distance 1 - Wait 2, Kansas City - Distance 0 - Wait 2, Minneapolis - Distance 1 - Wait 2, Milwaukee - Distance 1 - Wait 1, Pittsburgh - Distance 1 - Wait 1, Cleveland - Distance 0 - Wait 2, Cincinnati - Distance 0 - Wait 2, Miami - Distance 2 - Wait 1, St. Petersburg - Distance 0 - Wait 4, Atlanta - Distance 1 - Wait 2, Arlington - Distance 1 - Wait 2, Houston - Distance 0 - Wait 2, Denver - Distance 2 - Wait 1, Seattle - Distance 2 - Wait 2, Bay Area - Distance 2 - Wait 3, Phoenix - Distance 1 - Wait 2, Southern California - Distance 1 - Wait 4, San Diego - Distance 0 - Wait 1, Chicago - Distance 4 - Wait 5, Boston - Distance 2 - Wait 2, New York - Distance 0 - Wait 4, Philadelphia - Distance 0 - Wait 1, Toronto - Distance 1 - Wait 2, Detroit - Distance 0 - Wait 2, BWI - Distance 1 - Wait 3]
Home - Bowling Green - 1 days
TOTAL - 80
