Starting run at 2023-03-26 10:36:29.626050
2023-03-26 10:36:29.626504: SOLUTION FOUND - Traversals = 30, Comparisons = 1869
[Houston - Distance 0 - Wait 1, Arlington - Distance 0 - Wait 2, Kansas City - Distance 1 - Wait 1, St. Louis - Distance 0 - Wait 1, Atlanta - Distance 1 - Wait 1, Cleveland - Distance 1 - Wait 1, Flushing - Distance 1 - Wait 1, Philadelphia - Distance 0 - Wait 1, Baltimore - Distance 0 - Wait 1, The Bronx - Distance 0 - Wait 1, Boston - Distance 0 - Wait 1, Chicago - U.S. Cellular - Distance 2 - Wait 1, Chicago - Wrigley - Distance 0 - Wait 3, Milwaukee - Distance 0 - Wait 1, Toronto - Distance 1 - Wait 2, Pittsburgh - Distance 1 - Wait 1, Detroit - Distance 1 - Wait 1, Washington - Distance 1 - Wait 2, St. Petersburg - Distance 2 - Wait 2, Cincinnati - Distance 2 - Wait 2, Minneapolis - Distance 1 - Wait 1, Los Angeles - Distance 3 - Wait 1, San Diego - Distance 0 - Wait 1, San Francisco - Distance 1 - Wait 2, Anaheim - Distance 1 - Wait 2, Seattle - Distance 2 - Wait 1, Oakland - Distance 2 - Wait 2, Phoenix - Distance 1 - Wait 1, Denver - Distance 2 - Wait 4, Miami - Distance 4 - Wait 9]
Home - Austin - 3 days
TOTAL - 85
2023-03-26 10:36:29.626571: SOLUTION FOUND - Traversals = 33, Comparisons = 1874
[Houston - Distance 0 - Wait 1, Arlington - Distance 0 - Wait 2, Kansas City - Distance 1 - Wait 1, St. Louis - Distance 0 - Wait 1, Atlanta - Distance 1 - Wait 1, Cleveland - Distance 1 - Wait 1, Flushing - Distance 1 - Wait 1, Philadelphia - Distance 0 - Wait 1, Baltimore - Distance 0 - Wait 1, The Bronx - Distance 0 - Wait 1, Boston - Distance 0 - Wait 1, Chicago - U.S. Cellular - Distance 2 - Wait 1, Chicago - Wrigley - Distance 0 - Wait 3, Milwaukee - Distance 0 - Wait 1, Toronto - Distance 1 - Wait 2, Pittsburgh - Distance 1 - Wait 1, Detroit - Distance 1 - Wait 1, Washington - Distance 1 - Wait 2, St. Petersburg - Distance 2 - Wait 2, Cincinnati - Distance 2 - Wait 2, Minneapolis - Distance 1 - Wait 1, Los Angeles - Distance 3 - Wait 1, San Diego - Distance 0 - Wait 1, San Francisco - Distance 1 - Wait 2, Anaheim - Distance 1 - Wait 2, Seattle - Distance 2 - Wait 1, Oakland - Distance 2 - Wait 2, Miami - Distance 6 - Wait 1, Denver - Distance 4 - Wait 2, Phoenix - Distance 2 - Wait 1]
Home - Austin - 2 days
TOTAL - 79
2023-03-26 10:36:29.626744: SOLUTION FOUND - Traversals = 113, Comparisons = 2145
[Houston - Distance 0 - Wait 1, Arlington - Distance 0 - Wait 2, Kansas City - Distance 1 - Wait 1, St. Louis - Distance 0 - Wait 1, Atlanta - Distance 1 - Wait 1, Cleveland - Distance 1 - Wait 1, Flushing - Distance 1 - Wait 1, Philadelphia - Distance 0 - Wait 1, Baltimore - Distance 0 - Wait 1, The Bronx - Distance 0 - Wait 1, Boston - Distance 0 - Wait 1, Chicago - U.S. Cellular - Distance 2 - Wait 1, Chicago - Wrigley - Distance 0 - Wait 3, Milwaukee - Distance 0 - Wait 1, Toronto - Distance 1 - Wait 2, Pittsburgh - Distance 1 - Wait 1, Detroit - Distance 1 - Wait 1, Washington - Distance 1 - Wait 2, St. Petersburg - Distance 2 - Wait 2, Cincinnati - Distance 2 - Wait 2, Minneapolis - Distance 1 - Wait 1, Los Angeles - Distance 3 - Wait 1, San Diego - Distance 0 - Wait 1, San Francisco - Distance 1 - Wait 2, Seattle - Distance 2 - Wait 1, Oakland - Distance 2 - Wait 2, Miami - Distance 6 - Wait 1, Denver - Distance 4 - Wait 1, Anaheim - Distance 2 - Wait 1, Phoenix - Distance 1 - Wait 1]
Home - Austin - 2 days
TOTAL - 77
2023-03-26 10:36:29.644220: SOLUTION FOUND - Traversals = 7844, Comparisons = 40131
[Houston - Distance 0 - Wait 1, Arlington - Distance 0 - Wait 2, Kansas City - Distance 1 - Wait 1, St. Louis - Distance 0 - Wait 1, Atlanta - Distance 1 - Wait 1, Cleveland - Distance 1 - Wait 1, Flushing - Distance 1 - Wait 1, Philadelphia - Distance 0 - Wait 1, Baltimore - Distance 0 - Wait 1, The Bronx - Distance 0 - Wait 1, Boston - Distance 0 - Wait 1, Chicago - U.S. Cellular - Distance 2 - Wait 1, Chicago - Wrigley - Distance 0 - Wait 3, Milwaukee - Distance 0 - Wait 1, Toronto - Distance 1 - Wait 2, Pittsburgh - Distance 1 - Wait 1, Detroit - Distance 1 - Wait 1, Washington - Distance 1 - Wait 2, St. Petersburg - Distance 2 - Wait 2, Cincinnati - Distance 2 - Wait 2, Minneapolis - Distance 1 - Wait 1, Miami - Distance 4 - Wait 1, Seattle - Distance 6 - Wait 1, Oakland - Distance 2 - Wait 1, San Francisco - Distance 0 - Wait 3, Phoenix - Distance 1 - Wait 1, San Diego - Distance 1 - Wait 1, Los Angeles - Distance 0 - Wait 2, Anaheim - Distance 0 - Wait 2, Denver - Distance 2 - Wait 1]
Home - Austin - 2 days
TOTAL - 74
2023-03-26 10:36:29.751085: SOLUTION FOUND - Traversals = 61387, Comparisons = 237489
[Houston - Distance 0 - Wait 1, Arlington - Distance 0 - Wait 2, Kansas City - Distance 1 - Wait 1, St. Louis - Distance 0 - Wait 1, Atlanta - Distance 1 - Wait 1, Cleveland - Distance 1 - Wait 1, Flushing - Distance 1 - Wait 1, Philadelphia - Distance 0 - Wait 1, Baltimore - Distance 0 - Wait 1, The Bronx - Distance 0 - Wait 1, Boston - Distance 0 - Wait 1, Chicago - U.S. Cellular - Distance 2 - Wait 1, Chicago - Wrigley - Distance 0 - Wait 3, Milwaukee - Distance 0 - Wait 1, Toronto - Distance 1 - Wait 2, Pittsburgh - Distance 1 - Wait 1, Detroit - Distance 1 - Wait 1, Washington - Distance 1 - Wait 2, Cincinnati - Distance 1 - Wait 3, Phoenix - Distance 3 - Wait 1, Oakland - Distance 1 - Wait 1, Los Angeles - Distance 1 - Wait 2, San Diego - Distance 0 - Wait 1, San Francisco - Distance 1 - Wait 3, Anaheim - Distance 1 - Wait 2, Denver - Distance 2 - Wait 2, Seattle - Distance 2 - Wait 1, Minneapolis - Distance 3 - Wait 1, St. Petersburg - Distance 3 - Wait 1, Miami - Distance 0 - Wait 1]
Home - Austin - 3 days
TOTAL - 73
2023-03-26 10:36:29.754442: SOLUTION FOUND - Traversals = 61612, Comparisons = 238040
[Houston - Distance 0 - Wait 1, Arlington - Distance 0 - Wait 2, Kansas City - Distance 1 - Wait 1, St. Louis - Distance 0 - Wait 1, Atlanta - Distance 1 - Wait 1, Cleveland - Distance 1 - Wait 1, Flushing - Distance 1 - Wait 1, Philadelphia - Distance 0 - Wait 1, Baltimore - Distance 0 - Wait 1, The Bronx - Distance 0 - Wait 1, Boston - Distance 0 - Wait 1, Chicago - U.S. Cellular - Distance 2 - Wait 1, Chicago - Wrigley - Distance 0 - Wait 3, Milwaukee - Distance 0 - Wait 1, Toronto - Distance 1 - Wait 2, Pittsburgh - Distance 1 - Wait 1, Detroit - Distance 1 - Wait 1, Washington - Distance 1 - Wait 2, Cincinnati - Distance 1 - Wait 3, Phoenix - Distance 3 - Wait 1, Oakland - Distance 1 - Wait 1, Los Angeles - Distance 1 - Wait 2, San Francisco - Distance 1 - Wait 1, San Diego - Distance 1 - Wait 2, Anaheim - Distance 0 - Wait 1, Denver - Distance 2 - Wait 1, Seattle - Distance 2 - Wait 1, Minneapolis - Distance 3 - Wait 3, Miami - Distance 4 - Wait 1, St. Petersburg - Distance 0 - Wait 1]
Home - Austin - 2 days
TOTAL - 72
2023-03-26 10:36:30.682257: SOLUTION FOUND - Traversals = 507147, Comparisons = 1604829
[Houston - Distance 0 - Wait 1, Arlington - Distance 0 - Wait 2, Kansas City - Distance 1 - Wait 1, St. Louis - Distance 0 - Wait 1, Atlanta - Distance 1 - Wait 1, Cleveland - Distance 1 - Wait 1, Flushing - Distance 1 - Wait 1, Philadelphia - Distance 0 - Wait 1, Baltimore - Distance 0 - Wait 1, The Bronx - Distance 0 - Wait 1, Boston - Distance 0 - Wait 1, Chicago - U.S. Cellular - Distance 2 - Wait 1, Chicago - Wrigley - Distance 0 - Wait 3, Milwaukee - Distance 0 - Wait 1, Toronto - Distance 1 - Wait 2, Pittsburgh - Distance 1 - Wait 1, Washington - Distance 1 - Wait 1, St. Petersburg - Distance 2 - Wait 2, Miami - Distance 0 - Wait 1, Phoenix - Distance 4 - Wait 1, Minneapolis - Distance 4 - Wait 1, Detroit - Distance 2 - Wait 1, Cincinnati - Distance 1 - Wait 2, Seattle - Distance 4 - Wait 1, Anaheim - Distance 2 - Wait 1, Oakland - Distance 1 - Wait 1, San Francisco - Distance 0 - Wait 1, Los Angeles - Distance 1 - Wait 2, San Diego - Distance 0 - Wait 1, Denver - Distance 2 - Wait 1]
Home - Austin - 2 days
TOTAL - 71
2023-03-26 10:36:53.751729: SOLUTION FOUND - Traversals = 11519651, Comparisons = 37264304
[Houston - Distance 0 - Wait 1, Arlington - Distance 0 - Wait 2, Kansas City - Distance 1 - Wait 1, St. Louis - Distance 0 - Wait 1, Atlanta - Distance 1 - Wait 1, Cleveland - Distance 1 - Wait 1, Flushing - Distance 1 - Wait 1, Philadelphia - Distance 0 - Wait 1, Baltimore - Distance 0 - Wait 1, The Bronx - Distance 0 - Wait 1, Boston - Distance 0 - Wait 1, Chicago - U.S. Cellular - Distance 2 - Wait 1, Chicago - Wrigley - Distance 0 - Wait 3, Pittsburgh - Distance 1 - Wait 1, Milwaukee - Distance 1 - Wait 1, Toronto - Distance 1 - Wait 1, Detroit - Distance 0 - Wait 1, Minneapolis - Distance 1 - Wait 2, Denver - Distance 2 - Wait 1, Seattle - Distance 2 - Wait 1, San Francisco - Distance 2 - Wait 1, Phoenix - Distance 1 - Wait 1, Los Angeles - Distance 1 - Wait 2, Oakland - Distance 1 - Wait 1, San Diego - Distance 1 - Wait 2, Anaheim - Distance 0 - Wait 1, St. Petersburg - Distance 5 - Wait 1, Miami - Distance 0 - Wait 4, Washington - Distance 2 - Wait 2, Cincinnati - Distance 1 - Wait 1]
Home - Austin - 2 days
TOTAL - 70
2023-03-26 10:37:08.909765: SOLUTION FOUND - Traversals = 18988528, Comparisons = 59614180
[Houston - Distance 0 - Wait 1, Arlington - Distance 0 - Wait 2, Kansas City - Distance 1 - Wait 1, St. Louis - Distance 0 - Wait 1, Atlanta - Distance 1 - Wait 1, Cleveland - Distance 1 - Wait 1, Flushing - Distance 1 - Wait 1, Philadelphia - Distance 0 - Wait 1, Baltimore - Distance 0 - Wait 1, The Bronx - Distance 0 - Wait 1, Boston - Distance 0 - Wait 1, Chicago - U.S. Cellular - Distance 2 - Wait 1, Chicago - Wrigley - Distance 0 - Wait 3, Minneapolis - Distance 1 - Wait 1, Milwaukee - Distance 1 - Wait 1, Toronto - Distance 1 - Wait 1, Detroit - Distance 0 - Wait 1, Washington - Distance 1 - Wait 2, Miami - Distance 2 - Wait 1, St. Petersburg - Distance 0 - Wait 2, Pittsburgh - Distance 2 - Wait 1, Cincinnati - Distance 1 - Wait 1, San Francisco - Distance 4 - Wait 1, Oakland - Distance 0 - Wait 1, San Diego - Distance 1 - Wait 2, Anaheim - Distance 0 - Wait 1, Seattle - Distance 2 - Wait 1, Denver - Distance 3 - Wait 2, Phoenix - Distance 2 - Wait 1, Los Angeles - Distance 1 - Wait 1]
Home - Austin - 3 days
TOTAL - 68
2023-03-26 10:37:08.909846: SOLUTION FOUND - Traversals = 18988536, Comparisons = 59614198
[Houston - Distance 0 - Wait 1, Arlington - Distance 0 - Wait 2, Kansas City - Distance 1 - Wait 1, St. Louis - Distance 0 - Wait 1, Atlanta - Distance 1 - Wait 1, Cleveland - Distance 1 - Wait 1, Flushing - Distance 1 - Wait 1, Philadelphia - Distance 0 - Wait 1, Baltimore - Distance 0 - Wait 1, The Bronx - Distance 0 - Wait 1, Boston - Distance 0 - Wait 1, Chicago - U.S. Cellular - Distance 2 - Wait 1, Chicago - Wrigley - Distance 0 - Wait 3, Minneapolis - Distance 1 - Wait 1, Milwaukee - Distance 1 - Wait 1, Toronto - Distance 1 - Wait 1, Detroit - Distance 0 - Wait 1, Washington - Distance 1 - Wait 2, Miami - Distance 2 - Wait 1, St. Petersburg - Distance 0 - Wait 2, Pittsburgh - Distance 2 - Wait 1, Cincinnati - Distance 1 - Wait 1, San Francisco - Distance 4 - Wait 1, Oakland - Distance 0 - Wait 1, San Diego - Distance 1 - Wait 2, Anaheim - Distance 0 - Wait 1, Denver - Distance 2 - Wait 1, Seattle - Distance 2 - Wait 1, Los Angeles - Distance 2 - Wait 1, Phoenix - Distance 1 - Wait 1]
Home - Austin - 2 days
TOTAL - 65
2023-03-26 17:31:53.508081: SOLUTION FOUND - Traversals = 12874199062, Comparisons = 40503218666
[Houston - Distance 0 - Wait 1, Arlington - Distance 0 - Wait 2, Kansas City - Distance 1 - Wait 1, St. Louis - Distance 0 - Wait 1, Atlanta - Distance 1 - Wait 1, Pittsburgh - Distance 1 - Wait 1, Flushing - Distance 1 - Wait 1, Philadelphia - Distance 0 - Wait 1, Baltimore - Distance 0 - Wait 1, The Bronx - Distance 0 - Wait 1, Boston - Distance 0 - Wait 1, Washington - Distance 1 - Wait 3, Chicago - Wrigley - Distance 1 - Wait 1, Minneapolis - Distance 1 - Wait 1, Milwaukee - Distance 1 - Wait 1, Toronto - Distance 1 - Wait 1, Detroit - Distance 0 - Wait 1, Chicago - U.S. Cellular - Distance 0 - Wait 1, St. Petersburg - Distance 3 - Wait 1, Miami - Distance 0 - Wait 1, Cleveland - Distance 2 - Wait 1, Cincinnati - Distance 0 - Wait 3, Phoenix - Distance 3 - Wait 1, San Francisco - Distance 1 - Wait 1, Oakland - Distance 0 - Wait 1, San Diego - Distance 1 - Wait 2, Anaheim - Distance 0 - Wait 1, Denver - Distance 2 - Wait 1, Seattle - Distance 2 - Wait 1, Los Angeles - Distance 2 - Wait 1]
Home - Austin - 3 days
TOTAL - 64
