Starting run at 2022-09-14 23:59:44.962595
2022-09-14 23:59:44.963745: SOLUTION FOUND - Traversals = 25, Comparisons = 1229
[Houston - Distance 0 - Wait 2, Arlington - Distance 0 - Wait 2, St. Louis - Distance 1 - Wait 2, Milwaukee - Distance 1 - Wait 1, Pittsburgh - Distance 1 - Wait 2, Cleveland - Distance 0 - Wait 2, Detroit - Distance 0 - Wait 2, Toronto - Distance 0 - Wait 2, Cincinnati - Distance 1 - Wait 2, Minneapolis - Distance 1 - Wait 1, Atlanta - Distance 2 - Wait 2, Miami - Distance 1 - Wait 2, St. Petersburg - Distance 0 - Wait 4, Philadelphia - Distance 2 - Wait 1, New York - Distance 0 - Wait 3, Denver - Distance 3 - Wait 1, San Diego - Distance 2 - Wait 1, Southern California - Distance 0 - Wait 4, Seattle - Distance 2 - Wait 2, Phoenix - Distance 3 - Wait 2, Bay Area - Distance 1 - Wait 3, Boston - Distance 7 - Wait 4, BWI - Distance 1 - Wait 3, Chicago - Distance 1 - Wait 10, Kansas City - Distance 1 - Wait 2]
Home - Austin - 1 days
TOTAL - 94
2022-09-14 23:59:44.963898: SOLUTION FOUND - Traversals = 42, Comparisons = 1268
[Houston - Distance 0 - Wait 2, Arlington - Distance 0 - Wait 2, St. Louis - Distance 1 - Wait 2, Milwaukee - Distance 1 - Wait 1, Pittsburgh - Distance 1 - Wait 2, Cleveland - Distance 0 - Wait 2, Detroit - Distance 0 - Wait 2, Toronto - Distance 0 - Wait 2, Cincinnati - Distance 1 - Wait 2, Minneapolis - Distance 1 - Wait 1, Atlanta - Distance 2 - Wait 2, Miami - Distance 1 - Wait 2, St. Petersburg - Distance 0 - Wait 4, Philadelphia - Distance 2 - Wait 1, New York - Distance 0 - Wait 3, Denver - Distance 3 - Wait 1, San Diego - Distance 2 - Wait 1, Southern California - Distance 0 - Wait 4, Seattle - Distance 2 - Wait 2, Phoenix - Distance 3 - Wait 2, Bay Area - Distance 1 - Wait 3, Chicago - Distance 4 - Wait 8, Boston - Distance 2 - Wait 2, BWI - Distance 1 - Wait 5, Kansas City - Distance 2 - Wait 2]
Home - Austin - 1 days
TOTAL - 91
2022-09-14 23:59:45.023672: SOLUTION FOUND - Traversals = 12685, Comparisons = 57503
[Houston - Distance 0 - Wait 2, Arlington - Distance 0 - Wait 2, St. Louis - Distance 1 - Wait 2, Milwaukee - Distance 1 - Wait 1, Pittsburgh - Distance 1 - Wait 2, Cleveland - Distance 0 - Wait 2, Detroit - Distance 0 - Wait 2, Toronto - Distance 0 - Wait 2, Cincinnati - Distance 1 - Wait 2, Minneapolis - Distance 1 - Wait 1, Atlanta - Distance 2 - Wait 2, Miami - Distance 1 - Wait 2, St. Petersburg - Distance 0 - Wait 4, Philadelphia - Distance 2 - Wait 1, New York - Distance 0 - Wait 3, Boston - Distance 0 - Wait 4, BWI - Distance 1 - Wait 3, Denver - Distance 3 - Wait 3, Kansas City - Distance 1 - Wait 3, Chicago - Distance 1 - Wait 3, Phoenix - Distance 3 - Wait 2, San Diego - Distance 1 - Wait 1, Bay Area - Distance 1 - Wait 5, Seattle - Distance 2 - Wait 2, Southern California - Distance 2 - Wait 5]
Home - Austin - 3 days
TOTAL - 89
2022-09-14 23:59:45.035782: SOLUTION FOUND - Traversals = 15297, Comparisons = 68826
[Houston - Distance 0 - Wait 2, Arlington - Distance 0 - Wait 2, St. Louis - Distance 1 - Wait 2, Milwaukee - Distance 1 - Wait 1, Pittsburgh - Distance 1 - Wait 2, Cleveland - Distance 0 - Wait 2, Detroit - Distance 0 - Wait 2, Toronto - Distance 0 - Wait 2, Cincinnati - Distance 1 - Wait 2, Minneapolis - Distance 1 - Wait 1, Atlanta - Distance 2 - Wait 2, Miami - Distance 1 - Wait 2, St. Petersburg - Distance 0 - Wait 4, Philadelphia - Distance 2 - Wait 1, New York - Distance 0 - Wait 3, Boston - Distance 0 - Wait 4, BWI - Distance 1 - Wait 3, Chicago - Distance 1 - Wait 6, Kansas City - Distance 1 - Wait 2, Bay Area - Distance 3 - Wait 3, Phoenix - Distance 1 - Wait 2, San Diego - Distance 1 - Wait 1, Denver - Distance 2 - Wait 1, Seattle - Distance 2 - Wait 2, Southern California - Distance 2 - Wait 5]
Home - Austin - 3 days
TOTAL - 86
2022-09-14 23:59:53.467847: SOLUTION FOUND - Traversals = 1881845, Comparisons = 7740305
[Houston - Distance 0 - Wait 2, Arlington - Distance 0 - Wait 2, St. Louis - Distance 1 - Wait 2, Milwaukee - Distance 1 - Wait 1, Pittsburgh - Distance 1 - Wait 2, Cleveland - Distance 0 - Wait 2, Detroit - Distance 0 - Wait 2, Toronto - Distance 0 - Wait 2, Cincinnati - Distance 1 - Wait 2, Minneapolis - Distance 1 - Wait 1, Atlanta - Distance 2 - Wait 2, Miami - Distance 1 - Wait 2, Seattle - Distance 6 - Wait 2, Bay Area - Distance 2 - Wait 3, Phoenix - Distance 1 - Wait 2, Southern California - Distance 1 - Wait 4, San Diego - Distance 0 - Wait 1, Denver - Distance 2 - Wait 1, Kansas City - Distance 1 - Wait 2, Chicago - Distance 1 - Wait 3, New York - Distance 2 - Wait 5, Philadelphia - Distance 0 - Wait 1, Boston - Distance 1 - Wait 4, BWI - Distance 1 - Wait 3, St. Petersburg - Distance 2 - Wait 2]
Home - Austin - 2 days
TOTAL - 85
2022-09-15 00:01:53.523088: SOLUTION FOUND - Traversals = 26580979, Comparisons = 116535496
[Houston - Distance 0 - Wait 2, Arlington - Distance 0 - Wait 2, St. Louis - Distance 1 - Wait 2, Milwaukee - Distance 1 - Wait 1, Pittsburgh - Distance 1 - Wait 2, Cleveland - Distance 0 - Wait 2, Detroit - Distance 0 - Wait 2, Toronto - Distance 0 - Wait 2, Cincinnati - Distance 1 - Wait 2, Minneapolis - Distance 1 - Wait 1, Chicago - Distance 1 - Wait 5, Boston - Distance 2 - Wait 2, New York - Distance 0 - Wait 4, Philadelphia - Distance 0 - Wait 1, Atlanta - Distance 2 - Wait 2, BWI - Distance 1 - Wait 3, Miami - Distance 2 - Wait 1, St. Petersburg - Distance 0 - Wait 2, Kansas City - Distance 2 - Wait 2, Denver - Distance 1 - Wait 2, Seattle - Distance 2 - Wait 2, Southern California - Distance 2 - Wait 5, Bay Area - Distance 1 - Wait 5, San Diego - Distance 1 - Wait 1, Phoenix - Distance 1 - Wait 2]
Home - Austin - 2 days
TOTAL - 82
