Starting run at 2022-08-28 18:14:55.318978
2022-08-28 18:14:55.320409: SOLUTION FOUND - Traversals = 25, Comparisons = 1246
[Houston - Distance 0 - Wait 2, Arlington - Distance 0 - Wait 2, St. Louis - Distance 1 - Wait 2, Milwaukee - Distance 1 - Wait 1, Pittsburgh - Distance 1 - Wait 2, Cleveland - Distance 0 - Wait 2, Cincinnati - Distance 0 - Wait 2, Miami - Distance 2 - Wait 1, Philadelphia - Distance 2 - Wait 1, Toronto - Distance 1 - Wait 3, Minneapolis - Distance 2 - Wait 1, Boston - Distance 3 - Wait 2, Atlanta - Distance 2 - Wait 2, Kansas City - Distance 1 - Wait 2, Denver - Distance 1 - Wait 2, San Diego - Distance 2 - Wait 1, Southern California - Distance 0 - Wait 4, Seattle - Distance 2 - Wait 2, Phoenix - Distance 3 - Wait 2, Bay Area - Distance 1 - Wait 3, Detroit - Distance 5 - Wait 3, Chicago - Distance 0 - Wait 4, New York - Distance 2 - Wait 5, St. Petersburg - Distance 2 - Wait 2, BWI - Distance 2 - Wait 7]
Home - Austin - 3 days
TOTAL - 99
2022-08-28 18:14:55.408936: SOLUTION FOUND - Traversals = 16232, Comparisons = 85977
[Houston - Distance 0 - Wait 2, Arlington - Distance 0 - Wait 2, St. Louis - Distance 1 - Wait 2, Milwaukee - Distance 1 - Wait 1, Pittsburgh - Distance 1 - Wait 2, Cleveland - Distance 0 - Wait 2, Cincinnati - Distance 0 - Wait 2, Miami - Distance 2 - Wait 1, Philadelphia - Distance 2 - Wait 1, Toronto - Distance 1 - Wait 3, Minneapolis - Distance 2 - Wait 1, Boston - Distance 3 - Wait 2, Atlanta - Distance 2 - Wait 2, Kansas City - Distance 1 - Wait 2, Denver - Distance 1 - Wait 2, Detroit - Distance 3 - Wait 2, St. Petersburg - Distance 2 - Wait 2, BWI - Distance 2 - Wait 3, Chicago - Distance 1 - Wait 3, New York - Distance 2 - Wait 5, Seattle - Distance 5 - Wait 2, Bay Area - Distance 2 - Wait 4, San Diego - Distance 1 - Wait 3, Southern California - Distance 0 - Wait 3, Phoenix - Distance 1 - Wait 2]
Home - Austin - 2 days
TOTAL - 94
2022-08-28 18:14:56.013571: SOLUTION FOUND - Traversals = 146818, Comparisons = 633269
[Houston - Distance 0 - Wait 2, Arlington - Distance 0 - Wait 2, St. Louis - Distance 1 - Wait 2, Milwaukee - Distance 1 - Wait 1, Pittsburgh - Distance 1 - Wait 2, Cleveland - Distance 0 - Wait 2, Cincinnati - Distance 0 - Wait 2, Miami - Distance 2 - Wait 1, Philadelphia - Distance 2 - Wait 1, Toronto - Distance 1 - Wait 3, Minneapolis - Distance 2 - Wait 1, Boston - Distance 3 - Wait 2, Atlanta - Distance 2 - Wait 2, Kansas City - Distance 1 - Wait 2, BWI - Distance 2 - Wait 3, Detroit - Distance 1 - Wait 2, New York - Distance 1 - Wait 5, St. Petersburg - Distance 2 - Wait 2, Chicago - Distance 2 - Wait 3, Denver - Distance 2 - Wait 3, Bay Area - Distance 3 - Wait 3, Seattle - Distance 2 - Wait 2, Southern California - Distance 2 - Wait 5, San Diego - Distance 0 - Wait 2, Phoenix - Distance 1 - Wait 2]
Home - Austin - 2 days
TOTAL - 93
2022-08-28 18:15:09.737324: SOLUTION FOUND - Traversals = 3310717, Comparisons = 12696183
[Houston - Distance 0 - Wait 2, Arlington - Distance 0 - Wait 2, St. Louis - Distance 1 - Wait 2, Milwaukee - Distance 1 - Wait 1, Pittsburgh - Distance 1 - Wait 2, Cleveland - Distance 0 - Wait 2, Cincinnati - Distance 0 - Wait 2, Miami - Distance 2 - Wait 1, Philadelphia - Distance 2 - Wait 1, Toronto - Distance 1 - Wait 3, Minneapolis - Distance 2 - Wait 1, Boston - Distance 3 - Wait 2, New York - Distance 0 - Wait 6, BWI - Distance 1 - Wait 3, Detroit - Distance 1 - Wait 3, Atlanta - Distance 1 - Wait 2, St. Petersburg - Distance 1 - Wait 2, Kansas City - Distance 2 - Wait 2, Chicago - Distance 1 - Wait 3, Phoenix - Distance 3 - Wait 2, San Diego - Distance 1 - Wait 1, Denver - Distance 2 - Wait 1, Seattle - Distance 2 - Wait 2, Bay Area - Distance 2 - Wait 4, Southern California - Distance 1 - Wait 6]
Home - Austin - 3 days
TOTAL - 92
2022-08-28 18:15:22.601976: SOLUTION FOUND - Traversals = 6016376, Comparisons = 24557382
[Houston - Distance 0 - Wait 2, Arlington - Distance 0 - Wait 2, St. Louis - Distance 1 - Wait 2, Milwaukee - Distance 1 - Wait 1, Pittsburgh - Distance 1 - Wait 2, Cleveland - Distance 0 - Wait 2, Cincinnati - Distance 0 - Wait 2, Miami - Distance 2 - Wait 1, Philadelphia - Distance 2 - Wait 1, Toronto - Distance 1 - Wait 3, Minneapolis - Distance 2 - Wait 1, St. Petersburg - Distance 3 - Wait 2, Atlanta - Distance 1 - Wait 2, Kansas City - Distance 1 - Wait 2, BWI - Distance 2 - Wait 3, Boston - Distance 1 - Wait 2, New York - Distance 0 - Wait 7, Detroit - Distance 1 - Wait 2, Chicago - Distance 0 - Wait 3, Phoenix - Distance 3 - Wait 2, Denver - Distance 2 - Wait 1, Bay Area - Distance 3 - Wait 3, Seattle - Distance 2 - Wait 2, Southern California - Distance 2 - Wait 5, San Diego - Distance 0 - Wait 2]
Home - Austin - 3 days
TOTAL - 91
2022-08-28 18:16:11.427003: SOLUTION FOUND - Traversals = 16215869, Comparisons = 70009407
[Houston - Distance 0 - Wait 2, Arlington - Distance 0 - Wait 2, St. Louis - Distance 1 - Wait 2, Milwaukee - Distance 1 - Wait 1, Pittsburgh - Distance 1 - Wait 2, Cleveland - Distance 0 - Wait 2, Cincinnati - Distance 0 - Wait 2, Miami - Distance 2 - Wait 1, Philadelphia - Distance 2 - Wait 1, Toronto - Distance 1 - Wait 3, Minneapolis - Distance 2 - Wait 1, Denver - Distance 2 - Wait 3, Seattle - Distance 2 - Wait 2, Bay Area - Distance 2 - Wait 3, Phoenix - Distance 1 - Wait 2, Southern California - Distance 1 - Wait 4, San Diego - Distance 0 - Wait 1, Atlanta - Distance 5 - Wait 2, Chicago - Distance 1 - Wait 3, Kansas City - Distance 1 - Wait 2, BWI - Distance 2 - Wait 4, Detroit - Distance 1 - Wait 2, Boston - Distance 2 - Wait 2, New York - Distance 0 - Wait 4, St. Petersburg - Distance 2 - Wait 2]
Home - Austin - 2 days
TOTAL - 89
2022-08-28 18:20:17.629990: SOLUTION FOUND - Traversals = 68426503, Comparisons = 292736994
[Houston - Distance 0 - Wait 2, Arlington - Distance 0 - Wait 2, St. Louis - Distance 1 - Wait 2, Milwaukee - Distance 1 - Wait 1, Pittsburgh - Distance 1 - Wait 2, Cleveland - Distance 0 - Wait 2, Cincinnati - Distance 0 - Wait 2, Miami - Distance 2 - Wait 1, Philadelphia - Distance 2 - Wait 1, Toronto - Distance 1 - Wait 3, Boston - Distance 1 - Wait 3, New York - Distance 0 - Wait 3, Detroit - Distance 1 - Wait 2, Bay Area - Distance 4 - Wait 3, Phoenix - Distance 1 - Wait 2, Southern California - Distance 1 - Wait 4, San Diego - Distance 0 - Wait 1, Seattle - Distance 3 - Wait 2, Chicago - Distance 4 - Wait 3, Kansas City - Distance 1 - Wait 2, Atlanta - Distance 2 - Wait 2, St. Petersburg - Distance 1 - Wait 2, BWI - Distance 2 - Wait 3, Minneapolis - Distance 2 - Wait 2, Denver - Distance 2 - Wait 1]
Home - Austin - 2 days
TOTAL - 88
2022-08-28 18:25:14.050604: SOLUTION FOUND - Traversals = 133798130, Comparisons = 555703071
[Houston - Distance 0 - Wait 2, Arlington - Distance 0 - Wait 2, St. Louis - Distance 1 - Wait 2, Milwaukee - Distance 1 - Wait 1, Pittsburgh - Distance 1 - Wait 2, Cleveland - Distance 0 - Wait 2, Cincinnati - Distance 0 - Wait 2, Miami - Distance 2 - Wait 1, Philadelphia - Distance 2 - Wait 1, Atlanta - Distance 2 - Wait 2, Detroit - Distance 1 - Wait 2, Minneapolis - Distance 1 - Wait 2, Seattle - Distance 3 - Wait 2, Bay Area - Distance 2 - Wait 4, Phoenix - Distance 1 - Wait 2, Southern California - Distance 1 - Wait 4, San Diego - Distance 0 - Wait 1, Denver - Distance 2 - Wait 1, Kansas City - Distance 1 - Wait 2, Chicago - Distance 1 - Wait 3, New York - Distance 2 - Wait 5, Toronto - Distance 1 - Wait 2, Boston - Distance 1 - Wait 2, BWI - Distance 1 - Wait 3, St. Petersburg - Distance 2 - Wait 2]
Home - Austin - 2 days
TOTAL - 85
2022-08-28 19:16:25.139750: SOLUTION FOUND - Traversals = 765702655, Comparisons = 3308191419
[Houston - Distance 0 - Wait 2, Arlington - Distance 0 - Wait 2, St. Louis - Distance 1 - Wait 2, Milwaukee - Distance 1 - Wait 1, Pittsburgh - Distance 1 - Wait 2, Cleveland - Distance 0 - Wait 2, Cincinnati - Distance 0 - Wait 2, Miami - Distance 2 - Wait 1, St. Petersburg - Distance 0 - Wait 4, Atlanta - Distance 1 - Wait 2, Detroit - Distance 1 - Wait 2, Minneapolis - Distance 1 - Wait 2, Seattle - Distance 3 - Wait 2, Bay Area - Distance 2 - Wait 4, Phoenix - Distance 1 - Wait 2, Southern California - Distance 1 - Wait 4, San Diego - Distance 0 - Wait 1, Denver - Distance 2 - Wait 1, Kansas City - Distance 1 - Wait 2, BWI - Distance 2 - Wait 4, Boston - Distance 1 - Wait 2, Toronto - Distance 1 - Wait 2, Philadelphia - Distance 1 - Wait 1, New York - Distance 0 - Wait 4, Chicago - Distance 2 - Wait 4]
Home - Austin - 2 days
TOTAL - 84
2022-08-28 20:42:47.127644: SOLUTION FOUND - Traversals = 1898449765, Comparisons = 7919145143
[Houston - Distance 0 - Wait 2, Arlington - Distance 0 - Wait 2, St. Louis - Distance 1 - Wait 2, Milwaukee - Distance 1 - Wait 1, Pittsburgh - Distance 1 - Wait 2, Cleveland - Distance 0 - Wait 2, Cincinnati - Distance 0 - Wait 2, Detroit - Distance 1 - Wait 2, Chicago - Distance 0 - Wait 3, Minneapolis - Distance 1 - Wait 1, Toronto - Distance 2 - Wait 2, Boston - Distance 1 - Wait 2, New York - Distance 0 - Wait 3, Philadelphia - Distance 0 - Wait 3, Atlanta - Distance 2 - Wait 2, BWI - Distance 1 - Wait 3, Miami - Distance 2 - Wait 1, St. Petersburg - Distance 0 - Wait 3, Kansas City - Distance 2 - Wait 2, Denver - Distance 1 - Wait 2, Seattle - Distance 2 - Wait 2, Southern California - Distance 2 - Wait 5, Bay Area - Distance 1 - Wait 5, San Diego - Distance 1 - Wait 1, Phoenix - Distance 1 - Wait 2]
Home - Austin - 2 days
TOTAL - 82
2022-09-03 04:12:06.273755: SOLUTION FOUND - Traversals = 116153489912, Comparisons = 408139088687
[Houston - Distance 0 - Wait 2, Arlington - Distance 0 - Wait 2, St. Louis - Distance 1 - Wait 2, Milwaukee - Distance 1 - Wait 1, Philadelphia - Distance 2 - Wait 1, New York - Distance 0 - Wait 3, Boston - Distance 0 - Wait 2, Cincinnati - Distance 2 - Wait 2, Cleveland - Distance 0 - Wait 2, Pittsburgh - Distance 0 - Wait 1, Toronto - Distance 1 - Wait 2, Detroit - Distance 0 - Wait 2, Minneapolis - Distance 1 - Wait 2, Seattle - Distance 3 - Wait 2, Bay Area - Distance 2 - Wait 4, Phoenix - Distance 1 - Wait 2, Southern California - Distance 1 - Wait 4, San Diego - Distance 0 - Wait 1, Denver - Distance 2 - Wait 1, Atlanta - Distance 3 - Wait 2, BWI - Distance 1 - Wait 3, Miami - Distance 2 - Wait 2, St. Petersburg - Distance 0 - Wait 2, Chicago - Distance 2 - Wait 4, Kansas City - Distance 1 - Wait 2]
Home - Austin - 1 days
TOTAL - 80
2022-09-03 06:07:36.776745: SOLUTION FOUND - Traversals = 117811383935, Comparisons = 414223998203
[Houston - Distance 0 - Wait 2, Arlington - Distance 0 - Wait 2, St. Louis - Distance 1 - Wait 2, Milwaukee - Distance 1 - Wait 1, Philadelphia - Distance 2 - Wait 1, New York - Distance 0 - Wait 3, Boston - Distance 0 - Wait 2, BWI - Distance 1 - Wait 5, Cleveland - Distance 1 - Wait 2, Pittsburgh - Distance 0 - Wait 1, Toronto - Distance 1 - Wait 2, Detroit - Distance 0 - Wait 2, Seattle - Distance 4 - Wait 2, Bay Area - Distance 2 - Wait 3, Phoenix - Distance 1 - Wait 2, Southern California - Distance 1 - Wait 4, San Diego - Distance 0 - Wait 1, Denver - Distance 2 - Wait 1, Minneapolis - Distance 2 - Wait 1, Chicago - Distance 1 - Wait 3, Cincinnati - Distance 1 - Wait 2, Miami - Distance 2 - Wait 1, St. Petersburg - Distance 0 - Wait 2, Atlanta - Distance 1 - Wait 2, Kansas City - Distance 1 - Wait 2]
Home - Austin - 1 days
TOTAL - 77
