Starting run at 2024-03-18 12:59:18.655177
2024-03-18 12:59:18.655266: SOLUTION FOUND - Traversals = 8, Comparisons = 90
[Miami - Distance 3 - Wait 2, Atlanta - Distance 1 - Wait 2, St. Petersburg - Distance 1 - Wait 2, Toronto - Distance 3 - Wait 1, Boston - Distance 1 - Wait 2, Philadelphia - Distance 1 - Wait 3, New York - Distance 0 - Wait 5, BWI - Distance 1 - Wait 12]
Home - Austin - 3 days
TOTAL - 43
2024-03-18 12:59:18.655399: SOLUTION FOUND - Traversals = 9, Comparisons = 91
[Miami - Distance 3 - Wait 2, Atlanta - Distance 1 - Wait 2, St. Petersburg - Distance 1 - Wait 2, Toronto - Distance 3 - Wait 1, Boston - Distance 1 - Wait 2, Philadelphia - Distance 1 - Wait 3, BWI - Distance 0 - Wait 8, New York - Distance 1 - Wait 3]
Home - Austin - 3 days
TOTAL - 37
2024-03-18 12:59:18.655431: SOLUTION FOUND - Traversals = 11, Comparisons = 95
[Miami - Distance 3 - Wait 2, Atlanta - Distance 1 - Wait 2, St. Petersburg - Distance 1 - Wait 2, Toronto - Distance 3 - Wait 1, Boston - Distance 1 - Wait 2, BWI - Distance 1 - Wait 4, Philadelphia - Distance 0 - Wait 2, New York - Distance 0 - Wait 8]
Home - Austin - 3 days
TOTAL - 36
2024-03-18 12:59:18.655574: SOLUTION FOUND - Traversals = 47, Comparisons = 219
[Miami - Distance 3 - Wait 2, Atlanta - Distance 1 - Wait 2, St. Petersburg - Distance 1 - Wait 2, BWI - Distance 2 - Wait 3, Boston - Distance 1 - Wait 2, Philadelphia - Distance 1 - Wait 2, New York - Distance 0 - Wait 5, Toronto - Distance 1 - Wait 2]
Home - Austin - 3 days
TOTAL - 33
2024-03-18 12:59:18.659198: SOLUTION FOUND - Traversals = 1028, Comparisons = 5458
[Boston - Distance 4 - Wait 1, New York - Distance 0 - Wait 3, Atlanta - Distance 2 - Wait 1, St. Petersburg - Distance 1 - Wait 1, Miami - Distance 0 - Wait 3, BWI - Distance 2 - Wait 5, Philadelphia - Distance 0 - Wait 2, Toronto - Distance 1 - Wait 1]
Home - Austin - 3 days
TOTAL - 30
2024-03-18 12:59:18.665127
Total traversals - 3019
Total comparisons - 15991
