Starting run at 2024-03-18 13:04:29.831998
2024-03-18 13:04:29.832437: SOLUTION FOUND - Traversals = 30, Comparisons = 1859
[Houston - Distance 0 - Wait 1, Arlington - Distance 0 - Wait 2, Kansas City - Distance 1 - Wait 1, St. Louis - Distance 0 - Wait 1, Atlanta - Distance 1 - Wait 1, Pittsburgh - Distance 1 - Wait 1, Philadelphia - Distance 1 - Wait 1, Flushing - Distance 0 - Wait 1, Baltimore - Distance 0 - Wait 1, The Bronx - Distance 0 - Wait 1, Boston - Distance 0 - Wait 1, Cincinnati - Distance 2 - Wait 1, Chicago - U.S. Cellular - Distance 0 - Wait 2, Chicago - Wrigley - Distance 0 - Wait 1, Milwaukee - Distance 0 - Wait 1, Toronto - Distance 1 - Wait 2, Cleveland - Distance 1 - Wait 2, Detroit - Distance 0 - Wait 1, Washington - Distance 1 - Wait 2, St. Petersburg - Distance 2 - Wait 2, Minneapolis - Distance 3 - Wait 2, Denver - Distance 2 - Wait 1, San Diego - Distance 2 - Wait 1, San Francisco - Distance 1 - Wait 2, Seattle - Distance 2 - Wait 1, Oakland - Distance 2 - Wait 2, Los Angeles - Distance 1 - Wait 2, Phoenix - Distance 1 - Wait 1, Miami - Distance 5 - Wait 1, Anaheim - Distance 5 - Wait 9]
Home - Austin - 3 days
TOTAL - 86
2024-03-18 13:04:29.833850: SOLUTION FOUND - Traversals = 31, Comparisons = 1860
[Houston - Distance 0 - Wait 1, Arlington - Distance 0 - Wait 2, Kansas City - Distance 1 - Wait 1, St. Louis - Distance 0 - Wait 1, Atlanta - Distance 1 - Wait 1, Pittsburgh - Distance 1 - Wait 1, Philadelphia - Distance 1 - Wait 1, Flushing - Distance 0 - Wait 1, Baltimore - Distance 0 - Wait 1, The Bronx - Distance 0 - Wait 1, Boston - Distance 0 - Wait 1, Cincinnati - Distance 2 - Wait 1, Chicago - U.S. Cellular - Distance 0 - Wait 2, Chicago - Wrigley - Distance 0 - Wait 1, Milwaukee - Distance 0 - Wait 1, Toronto - Distance 1 - Wait 2, Cleveland - Distance 1 - Wait 2, Detroit - Distance 0 - Wait 1, Washington - Distance 1 - Wait 2, St. Petersburg - Distance 2 - Wait 2, Minneapolis - Distance 3 - Wait 2, Denver - Distance 2 - Wait 1, San Diego - Distance 2 - Wait 1, San Francisco - Distance 1 - Wait 2, Seattle - Distance 2 - Wait 1, Oakland - Distance 2 - Wait 2, Los Angeles - Distance 1 - Wait 2, Phoenix - Distance 1 - Wait 1, Anaheim - Distance 1 - Wait 5, Miami - Distance 6 - Wait 7]
Home - Austin - 3 days
TOTAL - 85
2024-03-18 13:04:29.833905: SOLUTION FOUND - Traversals = 45, Comparisons = 1898
[Houston - Distance 0 - Wait 1, Arlington - Distance 0 - Wait 2, Kansas City - Distance 1 - Wait 1, St. Louis - Distance 0 - Wait 1, Atlanta - Distance 1 - Wait 1, Pittsburgh - Distance 1 - Wait 1, Philadelphia - Distance 1 - Wait 1, Flushing - Distance 0 - Wait 1, Baltimore - Distance 0 - Wait 1, The Bronx - Distance 0 - Wait 1, Boston - Distance 0 - Wait 1, Cincinnati - Distance 2 - Wait 1, Chicago - U.S. Cellular - Distance 0 - Wait 2, Chicago - Wrigley - Distance 0 - Wait 1, Milwaukee - Distance 0 - Wait 1, Toronto - Distance 1 - Wait 2, Cleveland - Distance 1 - Wait 2, Detroit - Distance 0 - Wait 1, Washington - Distance 1 - Wait 2, St. Petersburg - Distance 2 - Wait 2, Minneapolis - Distance 3 - Wait 2, Denver - Distance 2 - Wait 1, San Diego - Distance 2 - Wait 1, San Francisco - Distance 1 - Wait 2, Seattle - Distance 2 - Wait 1, Oakland - Distance 2 - Wait 2, Miami - Distance 6 - Wait 1, Anaheim - Distance 5 - Wait 1, Phoenix - Distance 1 - Wait 3, Los Angeles - Distance 1 - Wait 1]
Home - Austin - 3 days
TOTAL - 80
2024-03-18 13:04:29.833953: SOLUTION FOUND - Traversals = 59, Comparisons = 1936
[Houston - Distance 0 - Wait 1, Arlington - Distance 0 - Wait 2, Kansas City - Distance 1 - Wait 1, St. Louis - Distance 0 - Wait 1, Atlanta - Distance 1 - Wait 1, Pittsburgh - Distance 1 - Wait 1, Philadelphia - Distance 1 - Wait 1, Flushing - Distance 0 - Wait 1, Baltimore - Distance 0 - Wait 1, The Bronx - Distance 0 - Wait 1, Boston - Distance 0 - Wait 1, Cincinnati - Distance 2 - Wait 1, Chicago - U.S. Cellular - Distance 0 - Wait 2, Chicago - Wrigley - Distance 0 - Wait 1, Milwaukee - Distance 0 - Wait 1, Toronto - Distance 1 - Wait 2, Cleveland - Distance 1 - Wait 2, Detroit - Distance 0 - Wait 1, Washington - Distance 1 - Wait 2, St. Petersburg - Distance 2 - Wait 2, Minneapolis - Distance 3 - Wait 2, Denver - Distance 2 - Wait 1, San Diego - Distance 2 - Wait 1, San Francisco - Distance 1 - Wait 2, Seattle - Distance 2 - Wait 1, Anaheim - Distance 2 - Wait 2, Los Angeles - Distance 0 - Wait 3, Miami - Distance 6 - Wait 1, Oakland - Distance 6 - Wait 1, Phoenix - Distance 1 - Wait 1]
Home - Austin - 2 days
TOTAL - 79
2024-03-18 13:04:29.835308: SOLUTION FOUND - Traversals = 655, Comparisons = 4559
[Houston - Distance 0 - Wait 1, Arlington - Distance 0 - Wait 2, Kansas City - Distance 1 - Wait 1, St. Louis - Distance 0 - Wait 1, Atlanta - Distance 1 - Wait 1, Pittsburgh - Distance 1 - Wait 1, Philadelphia - Distance 1 - Wait 1, Flushing - Distance 0 - Wait 1, Baltimore - Distance 0 - Wait 1, The Bronx - Distance 0 - Wait 1, Boston - Distance 0 - Wait 1, Cincinnati - Distance 2 - Wait 1, Chicago - U.S. Cellular - Distance 0 - Wait 2, Chicago - Wrigley - Distance 0 - Wait 1, Milwaukee - Distance 0 - Wait 1, Toronto - Distance 1 - Wait 2, Cleveland - Distance 1 - Wait 2, Detroit - Distance 0 - Wait 1, Washington - Distance 1 - Wait 2, St. Petersburg - Distance 2 - Wait 2, Minneapolis - Distance 3 - Wait 2, Denver - Distance 2 - Wait 1, Los Angeles - Distance 2 - Wait 1, San Diego - Distance 0 - Wait 3, Anaheim - Distance 0 - Wait 1, Seattle - Distance 2 - Wait 1, Oakland - Distance 2 - Wait 1, San Francisco - Distance 0 - Wait 3, Phoenix - Distance 1 - Wait 1, Miami - Distance 5 - Wait 1]
Home - Austin - 3 days
TOTAL - 72
2024-03-18 13:04:29.910208: SOLUTION FOUND - Traversals = 36421, Comparisons = 120382
[Houston - Distance 0 - Wait 1, Arlington - Distance 0 - Wait 2, Kansas City - Distance 1 - Wait 1, St. Louis - Distance 0 - Wait 1, Atlanta - Distance 1 - Wait 1, Pittsburgh - Distance 1 - Wait 1, Philadelphia - Distance 1 - Wait 1, Flushing - Distance 0 - Wait 1, Baltimore - Distance 0 - Wait 1, The Bronx - Distance 0 - Wait 1, Boston - Distance 0 - Wait 1, Cincinnati - Distance 2 - Wait 1, Chicago - U.S. Cellular - Distance 0 - Wait 2, Chicago - Wrigley - Distance 0 - Wait 1, Milwaukee - Distance 0 - Wait 1, Toronto - Distance 1 - Wait 2, Cleveland - Distance 1 - Wait 2, Detroit - Distance 0 - Wait 1, Washington - Distance 1 - Wait 2, Seattle - Distance 5 - Wait 2, Los Angeles - Distance 2 - Wait 2, San Francisco - Distance 1 - Wait 2, Oakland - Distance 0 - Wait 1, San Diego - Distance 1 - Wait 2, Anaheim - Distance 0 - Wait 1, Denver - Distance 2 - Wait 1, Minneapolis - Distance 2 - Wait 1, Phoenix - Distance 3 - Wait 1, Miami - Distance 5 - Wait 1, St. Petersburg - Distance 0 - Wait 1]
Home - Austin - 2 days
TOTAL - 71
2024-03-18 13:04:31.176312: SOLUTION FOUND - Traversals = 662232, Comparisons = 2274690
[Houston - Distance 0 - Wait 1, Arlington - Distance 0 - Wait 2, Kansas City - Distance 1 - Wait 1, St. Louis - Distance 0 - Wait 1, Atlanta - Distance 1 - Wait 1, Pittsburgh - Distance 1 - Wait 1, Philadelphia - Distance 1 - Wait 1, Flushing - Distance 0 - Wait 1, Baltimore - Distance 0 - Wait 1, The Bronx - Distance 0 - Wait 1, Boston - Distance 0 - Wait 1, Cincinnati - Distance 2 - Wait 1, Chicago - U.S. Cellular - Distance 0 - Wait 2, Chicago - Wrigley - Distance 0 - Wait 1, Milwaukee - Distance 0 - Wait 1, Toronto - Distance 1 - Wait 2, Minneapolis - Distance 2 - Wait 1, Los Angeles - Distance 3 - Wait 1, Oakland - Distance 1 - Wait 1, San Diego - Distance 1 - Wait 1, Anaheim - Distance 0 - Wait 1, Phoenix - Distance 1 - Wait 1, Denver - Distance 2 - Wait 2, Miami - Distance 4 - Wait 1, St. Petersburg - Distance 0 - Wait 2, Cleveland - Distance 2 - Wait 1, Washington - Distance 1 - Wait 1, Detroit - Distance 1 - Wait 1, Seattle - Distance 4 - Wait 1, San Francisco - Distance 2 - Wait 1]
Home - Austin - 4 days
TOTAL - 70
2024-03-18 13:04:32.434700: SOLUTION FOUND - Traversals = 1330798, Comparisons = 4361082
[Houston - Distance 0 - Wait 1, Arlington - Distance 0 - Wait 2, Kansas City - Distance 1 - Wait 1, St. Louis - Distance 0 - Wait 1, Atlanta - Distance 1 - Wait 1, Pittsburgh - Distance 1 - Wait 1, Philadelphia - Distance 1 - Wait 1, Flushing - Distance 0 - Wait 1, Baltimore - Distance 0 - Wait 1, The Bronx - Distance 0 - Wait 1, Boston - Distance 0 - Wait 1, Cincinnati - Distance 2 - Wait 1, Chicago - U.S. Cellular - Distance 0 - Wait 2, Chicago - Wrigley - Distance 0 - Wait 1, Milwaukee - Distance 0 - Wait 1, Toronto - Distance 1 - Wait 2, Washington - Distance 1 - Wait 3, Miami - Distance 2 - Wait 2, St. Petersburg - Distance 0 - Wait 1, Cleveland - Distance 2 - Wait 1, Minneapolis - Distance 1 - Wait 2, Detroit - Distance 2 - Wait 1, Denver - Distance 2 - Wait 1, San Diego - Distance 2 - Wait 2, Anaheim - Distance 0 - Wait 1, Seattle - Distance 2 - Wait 1, Oakland - Distance 2 - Wait 1, Los Angeles - Distance 1 - Wait 2, Phoenix - Distance 1 - Wait 1, San Francisco - Distance 1 - Wait 1]
Home - Austin - 4 days
TOTAL - 69
2024-03-18 13:04:32.434824: SOLUTION FOUND - Traversals = 1330800, Comparisons = 4361086
[Houston - Distance 0 - Wait 1, Arlington - Distance 0 - Wait 2, Kansas City - Distance 1 - Wait 1, St. Louis - Distance 0 - Wait 1, Atlanta - Distance 1 - Wait 1, Pittsburgh - Distance 1 - Wait 1, Philadelphia - Distance 1 - Wait 1, Flushing - Distance 0 - Wait 1, Baltimore - Distance 0 - Wait 1, The Bronx - Distance 0 - Wait 1, Boston - Distance 0 - Wait 1, Cincinnati - Distance 2 - Wait 1, Chicago - U.S. Cellular - Distance 0 - Wait 2, Chicago - Wrigley - Distance 0 - Wait 1, Milwaukee - Distance 0 - Wait 1, Toronto - Distance 1 - Wait 2, Washington - Distance 1 - Wait 3, Miami - Distance 2 - Wait 2, St. Petersburg - Distance 0 - Wait 1, Cleveland - Distance 2 - Wait 1, Minneapolis - Distance 1 - Wait 2, Detroit - Distance 2 - Wait 1, Denver - Distance 2 - Wait 1, San Diego - Distance 2 - Wait 2, Anaheim - Distance 0 - Wait 1, Seattle - Distance 2 - Wait 1, Oakland - Distance 2 - Wait 1, San Francisco - Distance 0 - Wait 3, Phoenix - Distance 1 - Wait 1, Los Angeles - Distance 1 - Wait 1]
Home - Austin - 3 days
TOTAL - 68
2024-03-18 13:04:32.874827: SOLUTION FOUND - Traversals = 1563034, Comparisons = 5132226
[Houston - Distance 0 - Wait 1, Arlington - Distance 0 - Wait 2, Kansas City - Distance 1 - Wait 1, St. Louis - Distance 0 - Wait 1, Atlanta - Distance 1 - Wait 1, Pittsburgh - Distance 1 - Wait 1, Philadelphia - Distance 1 - Wait 1, Flushing - Distance 0 - Wait 1, Baltimore - Distance 0 - Wait 1, The Bronx - Distance 0 - Wait 1, Boston - Distance 0 - Wait 1, Cincinnati - Distance 2 - Wait 1, Chicago - U.S. Cellular - Distance 0 - Wait 2, Chicago - Wrigley - Distance 0 - Wait 1, Milwaukee - Distance 0 - Wait 1, Cleveland - Distance 1 - Wait 2, Toronto - Distance 1 - Wait 1, Washington - Distance 1 - Wait 1, Miami - Distance 2 - Wait 2, St. Petersburg - Distance 0 - Wait 1, San Francisco - Distance 5 - Wait 1, Oakland - Distance 0 - Wait 2, Phoenix - Distance 1 - Wait 1, San Diego - Distance 1 - Wait 1, Los Angeles - Distance 0 - Wait 1, Anaheim - Distance 0 - Wait 3, Seattle - Distance 2 - Wait 1, Denver - Distance 3 - Wait 1, Detroit - Distance 3 - Wait 1, Minneapolis - Distance 1 - Wait 1]
Home - Austin - 2 days
TOTAL - 66
2024-03-18 13:05:31.660054: SOLUTION FOUND - Traversals = 37180146, Comparisons = 108378097
[Houston - Distance 0 - Wait 1, Arlington - Distance 0 - Wait 2, Kansas City - Distance 1 - Wait 1, St. Louis - Distance 0 - Wait 1, Atlanta - Distance 1 - Wait 1, Pittsburgh - Distance 1 - Wait 1, Philadelphia - Distance 1 - Wait 1, Flushing - Distance 0 - Wait 1, Baltimore - Distance 0 - Wait 1, The Bronx - Distance 0 - Wait 1, Boston - Distance 0 - Wait 1, Detroit - Distance 2 - Wait 1, Chicago - U.S. Cellular - Distance 0 - Wait 2, Chicago - Wrigley - Distance 0 - Wait 1, Milwaukee - Distance 0 - Wait 1, Cincinnati - Distance 1 - Wait 2, Toronto - Distance 1 - Wait 1, Washington - Distance 1 - Wait 1, St. Petersburg - Distance 2 - Wait 2, Miami - Distance 0 - Wait 1, Cleveland - Distance 2 - Wait 1, Minneapolis - Distance 1 - Wait 2, Denver - Distance 2 - Wait 1, San Diego - Distance 2 - Wait 1, Los Angeles - Distance 0 - Wait 1, San Francisco - Distance 1 - Wait 2, Seattle - Distance 2 - Wait 1, Anaheim - Distance 2 - Wait 2, Oakland - Distance 1 - Wait 2, Phoenix - Distance 1 - Wait 1]
Home - Austin - 2 days
TOTAL - 65
2024-03-18 13:05:31.661262: SOLUTION FOUND - Traversals = 37180563, Comparisons = 108380347
[Houston - Distance 0 - Wait 1, Arlington - Distance 0 - Wait 2, Kansas City - Distance 1 - Wait 1, St. Louis - Distance 0 - Wait 1, Atlanta - Distance 1 - Wait 1, Pittsburgh - Distance 1 - Wait 1, Philadelphia - Distance 1 - Wait 1, Flushing - Distance 0 - Wait 1, Baltimore - Distance 0 - Wait 1, The Bronx - Distance 0 - Wait 1, Boston - Distance 0 - Wait 1, Detroit - Distance 2 - Wait 1, Chicago - U.S. Cellular - Distance 0 - Wait 2, Chicago - Wrigley - Distance 0 - Wait 1, Milwaukee - Distance 0 - Wait 1, Cincinnati - Distance 1 - Wait 2, Toronto - Distance 1 - Wait 1, Washington - Distance 1 - Wait 1, St. Petersburg - Distance 2 - Wait 2, Miami - Distance 0 - Wait 1, Cleveland - Distance 2 - Wait 1, Minneapolis - Distance 1 - Wait 2, Phoenix - Distance 3 - Wait 1, San Francisco - Distance 1 - Wait 1, Oakland - Distance 0 - Wait 1, San Diego - Distance 1 - Wait 2, Anaheim - Distance 0 - Wait 1, Denver - Distance 2 - Wait 1, Seattle - Distance 2 - Wait 1, Los Angeles - Distance 2 - Wait 1]
Home - Austin - 3 days
TOTAL - 64
