Starting run at 2024-03-18 20:01:18.190210
2024-03-18 20:01:18.190537: SOLUTION FOUND - Traversals = 25, Comparisons = 1211
[Houston - Distance 0 - Wait 1, Arlington - Distance 0 - Wait 2, St. Louis - Distance 1 - Wait 1, Kansas City - Distance 0 - Wait 1, Atlanta - Distance 2 - Wait 1, St. Petersburg - Distance 1 - Wait 2, Cincinnati - Distance 2 - Wait 1, Detroit - Distance 1 - Wait 2, Toronto - Distance 0 - Wait 1, Boston - Distance 1 - Wait 1, Cleveland - Distance 1 - Wait 1, Pittsburgh - Distance 0 - Wait 1, Milwaukee - Distance 1 - Wait 1, Chicago - Distance 0 - Wait 3, Minneapolis - Distance 1 - Wait 2, Denver - Distance 2 - Wait 1, San Diego - Distance 2 - Wait 1, Phoenix - Distance 1 - Wait 1, Bay Area - Distance 1 - Wait 6, Philadelphia - Distance 6 - Wait 1, BWI - Distance 0 - Wait 4, Miami - Distance 2 - Wait 2, New York - Distance 3 - Wait 4, Seattle - Distance 5 - Wait 1, Southern California - Distance 2 - Wait 6]
Home - Austin - 3 days
TOTAL - 86
2024-03-18 20:01:18.191458: SOLUTION FOUND - Traversals = 393, Comparisons = 2679
[Houston - Distance 0 - Wait 1, Arlington - Distance 0 - Wait 2, St. Louis - Distance 1 - Wait 1, Kansas City - Distance 0 - Wait 1, Atlanta - Distance 2 - Wait 1, St. Petersburg - Distance 1 - Wait 2, Cincinnati - Distance 2 - Wait 1, Detroit - Distance 1 - Wait 2, Toronto - Distance 0 - Wait 1, Boston - Distance 1 - Wait 1, Cleveland - Distance 1 - Wait 1, Pittsburgh - Distance 0 - Wait 1, Milwaukee - Distance 1 - Wait 1, Chicago - Distance 0 - Wait 3, Minneapolis - Distance 1 - Wait 2, Denver - Distance 2 - Wait 1, San Diego - Distance 2 - Wait 1, Phoenix - Distance 1 - Wait 1, BWI - Distance 5 - Wait 3, Philadelphia - Distance 0 - Wait 3, New York - Distance 0 - Wait 4, Seattle - Distance 5 - Wait 1, Southern California - Distance 2 - Wait 6, Bay Area - Distance 1 - Wait 5, Miami - Distance 6 - Wait 1]
Home - Austin - 3 days
TOTAL - 85
2024-03-18 20:01:18.192778: SOLUTION FOUND - Traversals = 949, Comparisons = 5113
[Houston - Distance 0 - Wait 1, Arlington - Distance 0 - Wait 2, St. Louis - Distance 1 - Wait 1, Kansas City - Distance 0 - Wait 1, Atlanta - Distance 2 - Wait 1, St. Petersburg - Distance 1 - Wait 2, Cincinnati - Distance 2 - Wait 1, Detroit - Distance 1 - Wait 2, Toronto - Distance 0 - Wait 1, Boston - Distance 1 - Wait 1, Cleveland - Distance 1 - Wait 1, Pittsburgh - Distance 0 - Wait 1, Milwaukee - Distance 1 - Wait 1, Chicago - Distance 0 - Wait 3, Minneapolis - Distance 1 - Wait 2, Denver - Distance 2 - Wait 1, San Diego - Distance 2 - Wait 1, Bay Area - Distance 1 - Wait 4, Phoenix - Distance 1 - Wait 1, Southern California - Distance 1 - Wait 5, Seattle - Distance 2 - Wait 1, Miami - Distance 7 - Wait 1, New York - Distance 3 - Wait 4, Philadelphia - Distance 0 - Wait 1, BWI - Distance 0 - Wait 9]
Home - Austin - 3 days
TOTAL - 82
2024-03-18 20:01:18.192809: SOLUTION FOUND - Traversals = 954, Comparisons = 5128
[Houston - Distance 0 - Wait 1, Arlington - Distance 0 - Wait 2, St. Louis - Distance 1 - Wait 1, Kansas City - Distance 0 - Wait 1, Atlanta - Distance 2 - Wait 1, St. Petersburg - Distance 1 - Wait 2, Cincinnati - Distance 2 - Wait 1, Detroit - Distance 1 - Wait 2, Toronto - Distance 0 - Wait 1, Boston - Distance 1 - Wait 1, Cleveland - Distance 1 - Wait 1, Pittsburgh - Distance 0 - Wait 1, Milwaukee - Distance 1 - Wait 1, Chicago - Distance 0 - Wait 3, Minneapolis - Distance 1 - Wait 2, Denver - Distance 2 - Wait 1, San Diego - Distance 2 - Wait 1, Bay Area - Distance 1 - Wait 4, Phoenix - Distance 1 - Wait 1, Southern California - Distance 1 - Wait 5, Seattle - Distance 2 - Wait 1, BWI - Distance 6 - Wait 4, Miami - Distance 2 - Wait 2, Philadelphia - Distance 2 - Wait 2, New York - Distance 0 - Wait 4]
Home - Austin - 3 days
TOTAL - 79
2024-03-18 20:01:18.208999: SOLUTION FOUND - Traversals = 7386, Comparisons = 37433
[Houston - Distance 0 - Wait 1, Arlington - Distance 0 - Wait 2, St. Louis - Distance 1 - Wait 1, Kansas City - Distance 0 - Wait 1, Atlanta - Distance 2 - Wait 1, St. Petersburg - Distance 1 - Wait 2, Cincinnati - Distance 2 - Wait 1, Detroit - Distance 1 - Wait 2, Toronto - Distance 0 - Wait 1, Boston - Distance 1 - Wait 1, Cleveland - Distance 1 - Wait 1, Pittsburgh - Distance 0 - Wait 1, Milwaukee - Distance 1 - Wait 1, Chicago - Distance 0 - Wait 3, Minneapolis - Distance 1 - Wait 2, Philadelphia - Distance 3 - Wait 2, New York - Distance 0 - Wait 3, Miami - Distance 3 - Wait 1, BWI - Distance 2 - Wait 5, Denver - Distance 3 - Wait 1, Seattle - Distance 2 - Wait 1, Bay Area - Distance 2 - Wait 3, San Diego - Distance 1 - Wait 1, Southern California - Distance 0 - Wait 4, Phoenix - Distance 1 - Wait 5]
Home - Austin - 2 days
TOTAL - 77
2024-03-18 20:01:18.210668: SOLUTION FOUND - Traversals = 8092, Comparisons = 40673
[Houston - Distance 0 - Wait 1, Arlington - Distance 0 - Wait 2, St. Louis - Distance 1 - Wait 1, Kansas City - Distance 0 - Wait 1, Atlanta - Distance 2 - Wait 1, St. Petersburg - Distance 1 - Wait 2, Cincinnati - Distance 2 - Wait 1, Detroit - Distance 1 - Wait 2, Toronto - Distance 0 - Wait 1, Boston - Distance 1 - Wait 1, Cleveland - Distance 1 - Wait 1, Pittsburgh - Distance 0 - Wait 1, Milwaukee - Distance 1 - Wait 1, Chicago - Distance 0 - Wait 3, Minneapolis - Distance 1 - Wait 2, Philadelphia - Distance 3 - Wait 2, New York - Distance 0 - Wait 3, BWI - Distance 1 - Wait 3, Miami - Distance 2 - Wait 2, Seattle - Distance 6 - Wait 1, Bay Area - Distance 2 - Wait 4, Phoenix - Distance 1 - Wait 1, San Diego - Distance 1 - Wait 1, Southern California - Distance 0 - Wait 4, Denver - Distance 3 - Wait 2]
Home - Austin - 2 days
TOTAL - 76
2024-03-18 20:18:57.548446: SOLUTION FOUND - Traversals = 473362722, Comparisons = 1909407316
[Houston - Distance 0 - Wait 1, Arlington - Distance 0 - Wait 2, St. Louis - Distance 1 - Wait 1, Kansas City - Distance 0 - Wait 1, Atlanta - Distance 2 - Wait 1, St. Petersburg - Distance 1 - Wait 2, Cincinnati - Distance 2 - Wait 1, Toronto - Distance 1 - Wait 2, Detroit - Distance 0 - Wait 1, Chicago - Distance 0 - Wait 3, Milwaukee - Distance 0 - Wait 1, Cleveland - Distance 1 - Wait 2, Pittsburgh - Distance 0 - Wait 1, Miami - Distance 2 - Wait 1, Boston - Distance 3 - Wait 1, New York - Distance 0 - Wait 3, Philadelphia - Distance 0 - Wait 1, Minneapolis - Distance 2 - Wait 2, Denver - Distance 2 - Wait 1, Southern California - Distance 2 - Wait 4, San Diego - Distance 0 - Wait 1, Seattle - Distance 3 - Wait 1, Bay Area - Distance 2 - Wait 3, Phoenix - Distance 1 - Wait 1, BWI - Distance 5 - Wait 4]
Home - Austin - 3 days
TOTAL - 75
2024-03-18 20:19:15.081285: SOLUTION FOUND - Traversals = 481509774, Comparisons = 1939159377
[Houston - Distance 0 - Wait 1, Arlington - Distance 0 - Wait 2, St. Louis - Distance 1 - Wait 1, Kansas City - Distance 0 - Wait 1, Atlanta - Distance 2 - Wait 1, St. Petersburg - Distance 1 - Wait 2, Cincinnati - Distance 2 - Wait 1, Toronto - Distance 1 - Wait 2, Detroit - Distance 0 - Wait 1, Chicago - Distance 0 - Wait 3, Minneapolis - Distance 1 - Wait 1, Milwaukee - Distance 1 - Wait 1, Pittsburgh - Distance 1 - Wait 1, Boston - Distance 1 - Wait 1, New York - Distance 0 - Wait 3, BWI - Distance 1 - Wait 6, Philadelphia - Distance 0 - Wait 1, Denver - Distance 3 - Wait 1, Southern California - Distance 2 - Wait 4, San Diego - Distance 0 - Wait 1, Seattle - Distance 3 - Wait 1, Bay Area - Distance 2 - Wait 3, Phoenix - Distance 1 - Wait 1, Miami - Distance 5 - Wait 1, Cleveland - Distance 2 - Wait 1]
Home - Austin - 2 days
TOTAL - 74
2024-03-18 22:52:44.808850: SOLUTION FOUND - Traversals = 5062735415, Comparisons = 18134493268
[Houston - Distance 0 - Wait 1, Arlington - Distance 0 - Wait 2, St. Louis - Distance 1 - Wait 1, Kansas City - Distance 0 - Wait 1, Atlanta - Distance 2 - Wait 1, St. Petersburg - Distance 1 - Wait 2, Miami - Distance 0 - Wait 4, BWI - Distance 2 - Wait 5, Minneapolis - Distance 2 - Wait 1, Chicago - Distance 1 - Wait 3, Milwaukee - Distance 0 - Wait 1, Boston - Distance 2 - Wait 1, New York - Distance 0 - Wait 3, Philadelphia - Distance 0 - Wait 1, Pittsburgh - Distance 1 - Wait 1, Cleveland - Distance 0 - Wait 1, Denver - Distance 2 - Wait 1, Detroit - Distance 3 - Wait 1, Toronto - Distance 0 - Wait 1, Cincinnati - Distance 1 - Wait 1, Seattle - Distance 4 - Wait 1, Bay Area - Distance 2 - Wait 3, Phoenix - Distance 1 - Wait 1, San Diego - Distance 1 - Wait 1, Southern California - Distance 0 - Wait 4]
Home - Austin - 3 days
TOTAL - 72
2024-03-19 02:24:05.913016: SOLUTION FOUND - Traversals = 11620952040, Comparisons = 40133671054
[Houston - Distance 0 - Wait 1, Arlington - Distance 0 - Wait 2, St. Louis - Distance 1 - Wait 1, Kansas City - Distance 0 - Wait 1, Atlanta - Distance 2 - Wait 1, Philadelphia - Distance 2 - Wait 1, New York - Distance 0 - Wait 3, Boston - Distance 0 - Wait 1, Detroit - Distance 2 - Wait 1, Chicago - Distance 0 - Wait 3, Milwaukee - Distance 0 - Wait 1, Cincinnati - Distance 1 - Wait 2, Cleveland - Distance 0 - Wait 1, Pittsburgh - Distance 0 - Wait 1, Toronto - Distance 1 - Wait 1, Miami - Distance 3 - Wait 1, St. Petersburg - Distance 0 - Wait 1, Bay Area - Distance 5 - Wait 3, Phoenix - Distance 1 - Wait 1, San Diego - Distance 1 - Wait 1, Southern California - Distance 0 - Wait 4, Seattle - Distance 2 - Wait 1, Minneapolis - Distance 3 - Wait 1, BWI - Distance 3 - Wait 3, Denver - Distance 3 - Wait 2]
Home - Austin - 2 days
TOTAL - 71
