Starting run at 2024-03-18 13:01:38.938668
2024-03-18 13:01:38.938818: SOLUTION FOUND - Traversals = 15, Comparisons = 388
[Los Angeles - Distance 2 - Wait 1, San Diego - Distance 0 - Wait 2, Phoenix - Distance 1 - Wait 2, San Francisco - Distance 1 - Wait 2, St. Louis - Distance 4 - Wait 1, Denver - Distance 2 - Wait 1, Chicago - Wrigley - Distance 2 - Wait 1, Milwaukee - Distance 0 - Wait 1, Atlanta - Distance 2 - Wait 1, Pittsburgh - Distance 1 - Wait 1, Washington - Distance 1 - Wait 1, Flushing - Distance 1 - Wait 2, Philadelphia - Distance 0 - Wait 4, Cincinnati - Distance 1 - Wait 3, Miami - Distance 2 - Wait 1]
Home - Austin - 3 days
TOTAL - 47
2024-03-18 13:01:38.938912: SOLUTION FOUND - Traversals = 20, Comparisons = 403
[Los Angeles - Distance 2 - Wait 1, San Diego - Distance 0 - Wait 2, Phoenix - Distance 1 - Wait 2, San Francisco - Distance 1 - Wait 2, St. Louis - Distance 4 - Wait 1, Denver - Distance 2 - Wait 1, Chicago - Wrigley - Distance 2 - Wait 1, Milwaukee - Distance 0 - Wait 1, Atlanta - Distance 2 - Wait 1, Pittsburgh - Distance 1 - Wait 1, Washington - Distance 1 - Wait 1, Miami - Distance 2 - Wait 2, Philadelphia - Distance 2 - Wait 1, Flushing - Distance 0 - Wait 2, Cincinnati - Distance 1 - Wait 1]
Home - Austin - 2 days
TOTAL - 43
2024-03-18 13:01:44.043107: SOLUTION FOUND - Traversals = 2687702, Comparisons = 9152024
[St. Louis - Distance 2 - Wait 2, Cincinnati - Distance 1 - Wait 1, Atlanta - Distance 1 - Wait 1, Pittsburgh - Distance 1 - Wait 1, Philadelphia - Distance 1 - Wait 1, Flushing - Distance 0 - Wait 1, Washington - Distance 1 - Wait 2, Miami - Distance 2 - Wait 1, Chicago - Wrigley - Distance 3 - Wait 2, Milwaukee - Distance 0 - Wait 2, Denver - Distance 2 - Wait 2, Los Angeles - Distance 2 - Wait 1, San Diego - Distance 0 - Wait 1, San Francisco - Distance 1 - Wait 2, Phoenix - Distance 1 - Wait 2]
Home - Austin - 2 days
TOTAL - 42
2024-03-18 13:01:44.049208: SOLUTION FOUND - Traversals = 2690885, Comparisons = 9161930
[St. Louis - Distance 2 - Wait 2, Cincinnati - Distance 1 - Wait 1, Atlanta - Distance 1 - Wait 1, Pittsburgh - Distance 1 - Wait 1, Flushing - Distance 1 - Wait 1, Philadelphia - Distance 0 - Wait 1, Miami - Distance 2 - Wait 1, Washington - Distance 2 - Wait 2, Chicago - Wrigley - Distance 1 - Wait 1, Milwaukee - Distance 0 - Wait 1, Phoenix - Distance 3 - Wait 1, Denver - Distance 2 - Wait 1, Los Angeles - Distance 2 - Wait 1, San Diego - Distance 0 - Wait 1, San Francisco - Distance 1 - Wait 2]
Home - Austin - 4 days
TOTAL - 41
2024-03-18 13:01:44.049246: SOLUTION FOUND - Traversals = 2690894, Comparisons = 9161968
[St. Louis - Distance 2 - Wait 2, Cincinnati - Distance 1 - Wait 1, Atlanta - Distance 1 - Wait 1, Pittsburgh - Distance 1 - Wait 1, Flushing - Distance 1 - Wait 1, Philadelphia - Distance 0 - Wait 1, Miami - Distance 2 - Wait 1, Washington - Distance 2 - Wait 2, Chicago - Wrigley - Distance 1 - Wait 1, Milwaukee - Distance 0 - Wait 1, San Francisco - Distance 4 - Wait 1, Los Angeles - Distance 1 - Wait 1, San Diego - Distance 0 - Wait 2, Denver - Distance 2 - Wait 1, Phoenix - Distance 2 - Wait 1]
Home - Austin - 2 days
TOTAL - 40
2024-03-18 13:01:45.199638
Total traversals - 3350413
Total comparisons - 11098890
