Start City: Austin
Start Date: 6/5/17
Start Day: 65
FOUND - Iteration 5 - 19 days - getting back on 6/24/17
  Austin {St. Petersburg} 6/5/17 Travel time: 3 Wait time: 1
  {St. Petersburg} Boston 6/9/17 Travel time: 3 Wait time: 1
  Boston Toronto 6/13/17 Travel time: 1 Wait time: 1
  Toronto Baltimore 6/15/17 Travel time: 1 Wait time: 1
  Baltimore {The Bronx} 6/17/17 Travel time: 0 Wait time: 4
  {The Bronx} Austin 6/21/17 Travel time: 3

FOUND - Iteration 70 - 17 days - getting back on 6/22/17
  Austin Boston 6/5/17 Travel time: 4 Wait time: 1
  Boston {The Bronx} 6/10/17 Travel time: 0 Wait time: 1
  {The Bronx} Toronto 6/11/17 Travel time: 1 Wait time: 2
  Toronto Baltimore 6/14/17 Travel time: 1 Wait time: 2
  Baltimore {St. Petersburg} 6/17/17 Travel time: 2 Wait time: 1
  {St. Petersburg} Austin 6/20/17 Travel time: 2

Done.
Austin Boston 6/5/17 Travel time: 4 Wait time: 1
Boston {The Bronx} 6/10/17 Travel time: 0 Wait time: 1
{The Bronx} Toronto 6/11/17 Travel time: 1 Wait time: 2
Toronto Baltimore 6/14/17 Travel time: 1 Wait time: 2
Baltimore {St. Petersburg} 6/17/17 Travel time: 2 Wait time: 1
{St. Petersburg} Austin 6/20/17 Travel time: 2
Home on 6/22/17
Total Traversals: 325
