Start City: Austin
Start Date: 6/5/17
Start Day: 65
FOUND - Iteration 29 - 77 days - getting back on 8/21/17
  Austin Arlington 6/5/17 Travel time: 0 Wait time: 2
  Arlington {Kansas City} 6/7/17 Travel time: 1 Wait time: 1
  {Kansas City} {St. Louis} 6/9/17 Travel time: 0 Wait time: 1
  {St. Louis} Boston 6/10/17 Travel time: 2 Wait time: 1
  Boston Flushing 6/13/17 Travel time: 0 Wait time: 1
  Flushing Philadelphia 6/14/17 Travel time: 0 Wait time: 1
  Philadelphia Baltimore 6/15/17 Travel time: 0 Wait time: 2
  Baltimore Atlanta 6/17/17 Travel time: 1 Wait time: 2
  Atlanta Miami 6/20/17 Travel time: 1 Wait time: 2
  Miami {St. Petersburg} 6/23/17 Travel time: 0 Wait time: 1
  {St. Petersburg} {Chicago - Wrigley} 6/24/17 Travel time: 2 Wait time: 1
  {Chicago - Wrigley} Cincinnati 6/27/17 Travel time: 1 Wait time: 1
  Cincinnati Detroit 6/29/17 Travel time: 1 Wait time: 1
  Detroit {The Bronx} 7/1/17 Travel time: 1 Wait time: 1
  {The Bronx} Milwaukee 7/3/17 Travel time: 2 Wait time: 1
  Milwaukee {Chicago - U.S. Cellular} 7/6/17 Travel time: 0 Wait time: 2
  {Chicago - U.S. Cellular} Anaheim 7/8/17 Travel time: 4 Wait time: 3
  Anaheim {San Diego} 7/15/17 Travel time: 0 Wait time: 2
  {San Diego} Oakland 7/17/17 Travel time: 1 Wait time: 1
  Oakland {Los Angeles} 7/19/17 Travel time: 1 Wait time: 1
  {Los Angeles} Phoenix 7/21/17 Travel time: 1 Wait time: 2
  Phoenix {San Francisco} 7/24/17 Travel time: 1 Wait time: 1
  {San Francisco} Seattle 7/26/17 Travel time: 2 Wait time: 1
  Seattle Denver 7/29/17 Travel time: 3 Wait time: 1
  Denver Houston 8/2/17 Travel time: 2 Wait time: 1
  Houston Minneapolis 8/5/17 Travel time: 2 Wait time: 1
  Minneapolis Toronto 8/8/17 Travel time: 2 Wait time: 1
  Toronto Washington 8/11/17 Travel time: 1 Wait time: 1
  Washington Pittsburgh 8/13/17 Travel time: 1 Wait time: 4
  Pittsburgh Austin 8/18/17 Travel time: 3

FOUND - Iteration 45 - 74 days - getting back on 8/18/17
  Austin Arlington 6/5/17 Travel time: 0 Wait time: 2
  Arlington {Kansas City} 6/7/17 Travel time: 1 Wait time: 1
  {Kansas City} {St. Louis} 6/9/17 Travel time: 0 Wait time: 1
  {St. Louis} Boston 6/10/17 Travel time: 2 Wait time: 1
  Boston Flushing 6/13/17 Travel time: 0 Wait time: 1
  Flushing Philadelphia 6/14/17 Travel time: 0 Wait time: 1
  Philadelphia Baltimore 6/15/17 Travel time: 0 Wait time: 2
  Baltimore Atlanta 6/17/17 Travel time: 1 Wait time: 2
  Atlanta Miami 6/20/17 Travel time: 1 Wait time: 2
  Miami {St. Petersburg} 6/23/17 Travel time: 0 Wait time: 1
  {St. Petersburg} {Chicago - Wrigley} 6/24/17 Travel time: 2 Wait time: 1
  {Chicago - Wrigley} Cincinnati 6/27/17 Travel time: 1 Wait time: 1
  Cincinnati Detroit 6/29/17 Travel time: 1 Wait time: 1
  Detroit {The Bronx} 7/1/17 Travel time: 1 Wait time: 1
  {The Bronx} Milwaukee 7/3/17 Travel time: 2 Wait time: 1
  Milwaukee {Chicago - U.S. Cellular} 7/6/17 Travel time: 0 Wait time: 2
  {Chicago - U.S. Cellular} Anaheim 7/8/17 Travel time: 4 Wait time: 3
  Anaheim {San Diego} 7/15/17 Travel time: 0 Wait time: 2
  {San Diego} Oakland 7/17/17 Travel time: 1 Wait time: 1
  Oakland {Los Angeles} 7/19/17 Travel time: 1 Wait time: 1
  {Los Angeles} Phoenix 7/21/17 Travel time: 1 Wait time: 2
  Phoenix {San Francisco} 7/24/17 Travel time: 1 Wait time: 1
  {San Francisco} Seattle 7/26/17 Travel time: 2 Wait time: 1
  Seattle Denver 7/29/17 Travel time: 3 Wait time: 1
  Denver Houston 8/2/17 Travel time: 2 Wait time: 1
  Houston Pittsburgh 8/5/17 Travel time: 3 Wait time: 1
  Pittsburgh Toronto 8/9/17 Travel time: 1 Wait time: 1
  Toronto Washington 8/11/17 Travel time: 1 Wait time: 1
  Washington Minneapolis 8/13/17 Travel time: 2 Wait time: 1
  Minneapolis Austin 8/16/17 Travel time: 2

FOUND - Iteration 94 - 73 days - getting back on 8/17/17
  Austin Arlington 6/5/17 Travel time: 0 Wait time: 2
  Arlington {Kansas City} 6/7/17 Travel time: 1 Wait time: 1
  {Kansas City} {St. Louis} 6/9/17 Travel time: 0 Wait time: 1
  {St. Louis} Boston 6/10/17 Travel time: 2 Wait time: 1
  Boston Flushing 6/13/17 Travel time: 0 Wait time: 1
  Flushing Philadelphia 6/14/17 Travel time: 0 Wait time: 1
  Philadelphia Baltimore 6/15/17 Travel time: 0 Wait time: 2
  Baltimore Atlanta 6/17/17 Travel time: 1 Wait time: 2
  Atlanta Miami 6/20/17 Travel time: 1 Wait time: 2
  Miami {St. Petersburg} 6/23/17 Travel time: 0 Wait time: 1
  {St. Petersburg} {Chicago - Wrigley} 6/24/17 Travel time: 2 Wait time: 1
  {Chicago - Wrigley} Cincinnati 6/27/17 Travel time: 1 Wait time: 1
  Cincinnati Detroit 6/29/17 Travel time: 1 Wait time: 1
  Detroit {The Bronx} 7/1/17 Travel time: 1 Wait time: 1
  {The Bronx} Milwaukee 7/3/17 Travel time: 2 Wait time: 1
  Milwaukee {Chicago - U.S. Cellular} 7/6/17 Travel time: 0 Wait time: 2
  {Chicago - U.S. Cellular} Anaheim 7/8/17 Travel time: 4 Wait time: 3
  Anaheim {San Diego} 7/15/17 Travel time: 0 Wait time: 2
  {San Diego} Oakland 7/17/17 Travel time: 1 Wait time: 1
  Oakland {Los Angeles} 7/19/17 Travel time: 1 Wait time: 1
  {Los Angeles} Phoenix 7/21/17 Travel time: 1 Wait time: 2
  Phoenix {San Francisco} 7/24/17 Travel time: 1 Wait time: 1
  {San Francisco} Seattle 7/26/17 Travel time: 2 Wait time: 1
  Seattle Denver 7/29/17 Travel time: 3 Wait time: 1
  Denver Minneapolis 8/2/17 Travel time: 2 Wait time: 1
  Minneapolis Pittsburgh 8/5/17 Travel time: 2 Wait time: 1
  Pittsburgh Toronto 8/8/17 Travel time: 1 Wait time: 1
  Toronto Washington 8/10/17 Travel time: 1 Wait time: 1
  Washington Houston 8/12/17 Travel time: 3 Wait time: 2
  Houston Austin 8/17/17 Travel time: 0

