Start City: Austin
Start Date: 6/5/17
Start Day: 65
FOUND - Iteration 25 - 103 days - getting back on 9/16/17
  Austin Arlington 6/5/17 Travel time: 0 Wait time: 2
  Arlington {Kansas City} 6/7/17 Travel time: 1 Wait time: 1
  {Kansas City} {St. Louis} 6/9/17 Travel time: 0 Wait time: 1
  {St. Louis} Boston 6/10/17 Travel time: 2 Wait time: 1
  Boston Philadelphia 6/13/17 Travel time: 1 Wait time: 1
  Philadelphia Cincinnati 6/15/17 Travel time: 1 Wait time: 1
  Cincinnati Cleveland 6/17/17 Travel time: 0 Wait time: 2
  Cleveland Atlanta 6/19/17 Travel time: 1 Wait time: 1
  Atlanta Miami 6/21/17 Travel time: 1 Wait time: 1
  Miami {St. Petersburg} 6/23/17 Travel time: 0 Wait time: 1
  {St. Petersburg} Detroit 6/24/17 Travel time: 2 Wait time: 2
  Detroit Toronto 6/28/17 Travel time: 0 Wait time: 1
  Toronto Milwaukee 6/29/17 Travel time: 1 Wait time: 1
  Milwaukee Denver 7/1/17 Travel time: 2 Wait time: 1
  Denver Minneapolis 7/4/17 Travel time: 2 Wait time: 1
  Minneapolis Chicago 7/7/17 Travel time: 1 Wait time: 7
  Chicago Houston 7/15/17 Travel time: 2 Wait time: 1
  Houston Phoenix 7/18/17 Travel time: 2 Wait time: 2
  Phoenix {San Diego} 7/22/17 Travel time: 1 Wait time: 2
  {San Diego} Seattle 7/25/17 Travel time: 3 Wait time: 1
  Seattle {Bay Area} 7/29/17 Travel time: 2 Wait time: 3
  {Bay Area} Pittsburgh 8/3/17 Travel time: 5 Wait time: 1
  Pittsburgh {New York} 8/9/17 Travel time: 1 Wait time: 7
  {New York} BWI 8/17/17 Travel time: 1 Wait time: 8
  BWI {Southern California} 8/26/17 Travel time: 5 Wait time: 13
  {Southern California} Austin 9/13/17 Travel time: 3

FOUND - Iteration 27 - 98 days - getting back on 9/11/17
  Austin Arlington 6/5/17 Travel time: 0 Wait time: 2
  Arlington {Kansas City} 6/7/17 Travel time: 1 Wait time: 1
  {Kansas City} {St. Louis} 6/9/17 Travel time: 0 Wait time: 1
  {St. Louis} Boston 6/10/17 Travel time: 2 Wait time: 1
  Boston Philadelphia 6/13/17 Travel time: 1 Wait time: 1
  Philadelphia Cincinnati 6/15/17 Travel time: 1 Wait time: 1
  Cincinnati Cleveland 6/17/17 Travel time: 0 Wait time: 2
  Cleveland Atlanta 6/19/17 Travel time: 1 Wait time: 1
  Atlanta Miami 6/21/17 Travel time: 1 Wait time: 1
  Miami {St. Petersburg} 6/23/17 Travel time: 0 Wait time: 1
  {St. Petersburg} Detroit 6/24/17 Travel time: 2 Wait time: 2
  Detroit Toronto 6/28/17 Travel time: 0 Wait time: 1
  Toronto Milwaukee 6/29/17 Travel time: 1 Wait time: 1
  Milwaukee Denver 7/1/17 Travel time: 2 Wait time: 1
  Denver Minneapolis 7/4/17 Travel time: 2 Wait time: 1
  Minneapolis Chicago 7/7/17 Travel time: 1 Wait time: 7
  Chicago Houston 7/15/17 Travel time: 2 Wait time: 1
  Houston Phoenix 7/18/17 Travel time: 2 Wait time: 2
  Phoenix {San Diego} 7/22/17 Travel time: 1 Wait time: 2
  {San Diego} Seattle 7/25/17 Travel time: 3 Wait time: 1
  Seattle {Bay Area} 7/29/17 Travel time: 2 Wait time: 3
  {Bay Area} Pittsburgh 8/3/17 Travel time: 5 Wait time: 1
  Pittsburgh {New York} 8/9/17 Travel time: 1 Wait time: 7
  {New York} {Southern California} 8/17/17 Travel time: 5 Wait time: 4
  {Southern California} BWI 8/26/17 Travel time: 6 Wait time: 7
  BWI Austin 9/8/17 Travel time: 3

FOUND - Iteration 32 - 95 days - getting back on 9/8/17
  Austin Arlington 6/5/17 Travel time: 0 Wait time: 2
  Arlington {Kansas City} 6/7/17 Travel time: 1 Wait time: 1
  {Kansas City} {St. Louis} 6/9/17 Travel time: 0 Wait time: 1
  {St. Louis} Boston 6/10/17 Travel time: 2 Wait time: 1
  Boston Philadelphia 6/13/17 Travel time: 1 Wait time: 1
  Philadelphia Cincinnati 6/15/17 Travel time: 1 Wait time: 1
  Cincinnati Cleveland 6/17/17 Travel time: 0 Wait time: 2
  Cleveland Atlanta 6/19/17 Travel time: 1 Wait time: 1
  Atlanta Miami 6/21/17 Travel time: 1 Wait time: 1
  Miami {St. Petersburg} 6/23/17 Travel time: 0 Wait time: 1
  {St. Petersburg} Detroit 6/24/17 Travel time: 2 Wait time: 2
  Detroit Toronto 6/28/17 Travel time: 0 Wait time: 1
  Toronto Milwaukee 6/29/17 Travel time: 1 Wait time: 1
  Milwaukee Denver 7/1/17 Travel time: 2 Wait time: 1
  Denver Minneapolis 7/4/17 Travel time: 2 Wait time: 1
  Minneapolis Chicago 7/7/17 Travel time: 1 Wait time: 7
  Chicago Houston 7/15/17 Travel time: 2 Wait time: 1
  Houston Phoenix 7/18/17 Travel time: 2 Wait time: 2
  Phoenix {San Diego} 7/22/17 Travel time: 1 Wait time: 2
  {San Diego} Seattle 7/25/17 Travel time: 3 Wait time: 1
  Seattle {Bay Area} 7/29/17 Travel time: 2 Wait time: 3
  {Bay Area} Pittsburgh 8/3/17 Travel time: 5 Wait time: 1
  Pittsburgh BWI 8/9/17 Travel time: 1 Wait time: 9
  BWI {Southern California} 8/19/17 Travel time: 5 Wait time: 3
  {Southern California} {New York} 8/27/17 Travel time: 6 Wait time: 3
  {New York} Austin 9/5/17 Travel time: 3

FOUND - Iteration 43 - 89 days - getting back on 9/2/17
  Austin Arlington 6/5/17 Travel time: 0 Wait time: 2
  Arlington {Kansas City} 6/7/17 Travel time: 1 Wait time: 1
  {Kansas City} {St. Louis} 6/9/17 Travel time: 0 Wait time: 1
  {St. Louis} Boston 6/10/17 Travel time: 2 Wait time: 1
  Boston Philadelphia 6/13/17 Travel time: 1 Wait time: 1
  Philadelphia Cincinnati 6/15/17 Travel time: 1 Wait time: 1
  Cincinnati Cleveland 6/17/17 Travel time: 0 Wait time: 2
  Cleveland Atlanta 6/19/17 Travel time: 1 Wait time: 1
  Atlanta Miami 6/21/17 Travel time: 1 Wait time: 1
  Miami {St. Petersburg} 6/23/17 Travel time: 0 Wait time: 1
  {St. Petersburg} Detroit 6/24/17 Travel time: 2 Wait time: 2
  Detroit Toronto 6/28/17 Travel time: 0 Wait time: 1
  Toronto Milwaukee 6/29/17 Travel time: 1 Wait time: 1
  Milwaukee Denver 7/1/17 Travel time: 2 Wait time: 1
  Denver Minneapolis 7/4/17 Travel time: 2 Wait time: 1
  Minneapolis Chicago 7/7/17 Travel time: 1 Wait time: 7
  Chicago Houston 7/15/17 Travel time: 2 Wait time: 1
  Houston Phoenix 7/18/17 Travel time: 2 Wait time: 2
  Phoenix {San Diego} 7/22/17 Travel time: 1 Wait time: 2
  {San Diego} Seattle 7/25/17 Travel time: 3 Wait time: 1
  Seattle {Bay Area} 7/29/17 Travel time: 2 Wait time: 3
  {Bay Area} {Southern California} 8/3/17 Travel time: 1 Wait time: 8
  {Southern California} Pittsburgh 8/12/17 Travel time: 5 Wait time: 1
  Pittsburgh {New York} 8/18/17 Travel time: 1 Wait time: 7
  {New York} BWI 8/26/17 Travel time: 1 Wait time: 3
  BWI Austin 8/30/17 Travel time: 3

FOUND - Iteration 13315 - 85 days - getting back on 8/29/17
  Austin Arlington 6/5/17 Travel time: 0 Wait time: 2
  Arlington {Kansas City} 6/7/17 Travel time: 1 Wait time: 1
  {Kansas City} {St. Louis} 6/9/17 Travel time: 0 Wait time: 1
  {St. Louis} Boston 6/10/17 Travel time: 2 Wait time: 1
  Boston Philadelphia 6/13/17 Travel time: 1 Wait time: 1
  Philadelphia Cincinnati 6/15/17 Travel time: 1 Wait time: 1
  Cincinnati Cleveland 6/17/17 Travel time: 0 Wait time: 2
  Cleveland Atlanta 6/19/17 Travel time: 1 Wait time: 1
  Atlanta Miami 6/21/17 Travel time: 1 Wait time: 1
  Miami {St. Petersburg} 6/23/17 Travel time: 0 Wait time: 1
  {St. Petersburg} Detroit 6/24/17 Travel time: 2 Wait time: 2
  Detroit Toronto 6/28/17 Travel time: 0 Wait time: 1
  Toronto Milwaukee 6/29/17 Travel time: 1 Wait time: 1
  Milwaukee Denver 7/1/17 Travel time: 2 Wait time: 1
  Denver Minneapolis 7/4/17 Travel time: 2 Wait time: 1
  Minneapolis Chicago 7/7/17 Travel time: 1 Wait time: 7
  Chicago Houston 7/15/17 Travel time: 2 Wait time: 1
  Houston {Southern California} 7/18/17 Travel time: 3 Wait time: 3
  {Southern California} {San Diego} 7/24/17 Travel time: 0 Wait time: 1
  {San Diego} Seattle 7/25/17 Travel time: 3 Wait time: 1
  Seattle {Bay Area} 7/29/17 Travel time: 2 Wait time: 3
  {Bay Area} Phoenix 8/3/17 Travel time: 1 Wait time: 5
  Phoenix {New York} 8/9/17 Travel time: 5 Wait time: 3
  {New York} Pittsburgh 8/17/17 Travel time: 1 Wait time: 1
  Pittsburgh BWI 8/19/17 Travel time: 1 Wait time: 6
  BWI Austin 8/26/17 Travel time: 3

FOUND - Iteration 2565670 - 81 days - getting back on 8/25/17
  Austin Arlington 6/5/17 Travel time: 0 Wait time: 2
  Arlington {Kansas City} 6/7/17 Travel time: 1 Wait time: 1
  {Kansas City} {St. Louis} 6/9/17 Travel time: 0 Wait time: 1
  {St. Louis} Boston 6/10/17 Travel time: 2 Wait time: 1
  Boston Philadelphia 6/13/17 Travel time: 1 Wait time: 1
  Philadelphia Cincinnati 6/15/17 Travel time: 1 Wait time: 1
  Cincinnati Cleveland 6/17/17 Travel time: 0 Wait time: 2
  Cleveland Atlanta 6/19/17 Travel time: 1 Wait time: 1
  Atlanta Miami 6/21/17 Travel time: 1 Wait time: 1
  Miami {St. Petersburg} 6/23/17 Travel time: 0 Wait time: 1
  {St. Petersburg} Detroit 6/24/17 Travel time: 2 Wait time: 2
  Detroit Toronto 6/28/17 Travel time: 0 Wait time: 1
  Toronto Milwaukee 6/29/17 Travel time: 1 Wait time: 1
  Milwaukee Denver 7/1/17 Travel time: 2 Wait time: 1
  Denver Minneapolis 7/4/17 Travel time: 2 Wait time: 1
  Minneapolis {San Diego} 7/7/17 Travel time: 4 Wait time: 4
  {San Diego} {Bay Area} 7/15/17 Travel time: 1 Wait time: 3
  {Bay Area} {Southern California} 7/19/17 Travel time: 1 Wait time: 3
  {Southern California} Phoenix 7/23/17 Travel time: 1 Wait time: 1
  Phoenix Seattle 7/25/17 Travel time: 3 Wait time: 1
  Seattle Pittsburgh 7/29/17 Travel time: 5 Wait time: 1
  Pittsburgh BWI 8/4/17 Travel time: 1 Wait time: 3
  BWI {New York} 8/8/17 Travel time: 1 Wait time: 8
  {New York} Chicago 8/17/17 Travel time: 2 Wait time: 3
  Chicago Houston 8/22/17 Travel time: 2 Wait time: 1
  Houston Austin 8/25/17 Travel time: 0

FOUND - Iteration 168620007 - 80 days - getting back on 8/24/17
  Austin Arlington 6/5/17 Travel time: 0 Wait time: 2
  Arlington {Kansas City} 6/7/17 Travel time: 1 Wait time: 1
  {Kansas City} {St. Louis} 6/9/17 Travel time: 0 Wait time: 1
  {St. Louis} Boston 6/10/17 Travel time: 2 Wait time: 1
  Boston Philadelphia 6/13/17 Travel time: 1 Wait time: 1
  Philadelphia Cincinnati 6/15/17 Travel time: 1 Wait time: 1
  Cincinnati Cleveland 6/17/17 Travel time: 0 Wait time: 2
  Cleveland Atlanta 6/19/17 Travel time: 1 Wait time: 1
  Atlanta Miami 6/21/17 Travel time: 1 Wait time: 1
  Miami {St. Petersburg} 6/23/17 Travel time: 0 Wait time: 1
  {St. Petersburg} Detroit 6/24/17 Travel time: 2 Wait time: 2
  Detroit Toronto 6/28/17 Travel time: 0 Wait time: 1
  Toronto Milwaukee 6/29/17 Travel time: 1 Wait time: 1
  Milwaukee Chicago 7/1/17 Travel time: 0 Wait time: 4
  Chicago Minneapolis 7/5/17 Travel time: 1 Wait time: 1
  Minneapolis {San Diego} 7/7/17 Travel time: 4 Wait time: 4
  {San Diego} {Bay Area} 7/15/17 Travel time: 1 Wait time: 3
  {Bay Area} {Southern California} 7/19/17 Travel time: 1 Wait time: 3
  {Southern California} Phoenix 7/23/17 Travel time: 1 Wait time: 1
  Phoenix Seattle 7/25/17 Travel time: 3 Wait time: 1
  Seattle Denver 7/29/17 Travel time: 3 Wait time: 1
  Denver Houston 8/2/17 Travel time: 2 Wait time: 1
  Houston {New York} 8/5/17 Travel time: 3 Wait time: 4
  {New York} BWI 8/12/17 Travel time: 1 Wait time: 6
  BWI Pittsburgh 8/19/17 Travel time: 1 Wait time: 1
  Pittsburgh Austin 8/21/17 Travel time: 3

FOUND - Iteration 168620018 - 79 days - getting back on 8/23/17
  Austin Arlington 6/5/17 Travel time: 0 Wait time: 2
  Arlington {Kansas City} 6/7/17 Travel time: 1 Wait time: 1
  {Kansas City} {St. Louis} 6/9/17 Travel time: 0 Wait time: 1
  {St. Louis} Boston 6/10/17 Travel time: 2 Wait time: 1
  Boston Philadelphia 6/13/17 Travel time: 1 Wait time: 1
  Philadelphia Cincinnati 6/15/17 Travel time: 1 Wait time: 1
  Cincinnati Cleveland 6/17/17 Travel time: 0 Wait time: 2
  Cleveland Atlanta 6/19/17 Travel time: 1 Wait time: 1
  Atlanta Miami 6/21/17 Travel time: 1 Wait time: 1
  Miami {St. Petersburg} 6/23/17 Travel time: 0 Wait time: 1
  {St. Petersburg} Detroit 6/24/17 Travel time: 2 Wait time: 2
  Detroit Toronto 6/28/17 Travel time: 0 Wait time: 1
  Toronto Milwaukee 6/29/17 Travel time: 1 Wait time: 1
  Milwaukee Chicago 7/1/17 Travel time: 0 Wait time: 4
  Chicago Minneapolis 7/5/17 Travel time: 1 Wait time: 1
  Minneapolis {San Diego} 7/7/17 Travel time: 4 Wait time: 4
  {San Diego} {Bay Area} 7/15/17 Travel time: 1 Wait time: 3
  {Bay Area} {Southern California} 7/19/17 Travel time: 1 Wait time: 3
  {Southern California} Phoenix 7/23/17 Travel time: 1 Wait time: 1
  Phoenix Seattle 7/25/17 Travel time: 3 Wait time: 1
  Seattle Denver 7/29/17 Travel time: 3 Wait time: 1
  Denver Pittsburgh 8/2/17 Travel time: 3 Wait time: 1
  Pittsburgh {New York} 8/6/17 Travel time: 1 Wait time: 5
  {New York} BWI 8/12/17 Travel time: 1 Wait time: 6
  BWI Houston 8/19/17 Travel time: 3 Wait time: 1
  Houston Austin 8/23/17 Travel time: 0

FOUND - Iteration 4080399115 - 76 days - getting back on 8/20/17
  Austin Arlington 6/5/17 Travel time: 0 Wait time: 2
  Arlington {Kansas City} 6/7/17 Travel time: 1 Wait time: 1
  {Kansas City} {St. Louis} 6/9/17 Travel time: 0 Wait time: 1
  {St. Louis} Boston 6/10/17 Travel time: 2 Wait time: 1
  Boston Philadelphia 6/13/17 Travel time: 1 Wait time: 1
  Philadelphia Cincinnati 6/15/17 Travel time: 1 Wait time: 1
  Cincinnati Cleveland 6/17/17 Travel time: 0 Wait time: 2
  Cleveland Atlanta 6/19/17 Travel time: 1 Wait time: 1
  Atlanta Miami 6/21/17 Travel time: 1 Wait time: 1
  Miami {St. Petersburg} 6/23/17 Travel time: 0 Wait time: 1
  {St. Petersburg} Detroit 6/24/17 Travel time: 2 Wait time: 2
  Detroit Toronto 6/28/17 Travel time: 0 Wait time: 1
  Toronto {New York} 6/29/17 Travel time: 1 Wait time: 4
  {New York} Denver 7/4/17 Travel time: 3 Wait time: 1
  Denver {San Diego} 7/8/17 Travel time: 2 Wait time: 5
  {San Diego} {Bay Area} 7/15/17 Travel time: 1 Wait time: 3
  {Bay Area} {Southern California} 7/19/17 Travel time: 1 Wait time: 3
  {Southern California} Phoenix 7/23/17 Travel time: 1 Wait time: 1
  Phoenix Seattle 7/25/17 Travel time: 3 Wait time: 1
  Seattle Pittsburgh 7/29/17 Travel time: 5 Wait time: 1
  Pittsburgh BWI 8/4/17 Travel time: 1 Wait time: 3
  BWI Milwaukee 8/8/17 Travel time: 2 Wait time: 1
  Milwaukee Chicago 8/11/17 Travel time: 0 Wait time: 4
  Chicago Minneapolis 8/15/17 Travel time: 1 Wait time: 1
  Minneapolis Houston 8/17/17 Travel time: 2 Wait time: 1
  Houston Austin 8/20/17 Travel time: 0

