Start City: Austin
Start Date: 6/8/13
Start Day: 70
FOUND - Iteration 5 - 24 days - getting back on 7/2/13
  Austin Miami 6/8/13 Travel time: 3 Wait time: 1
  Miami Atlanta 6/12/13 Travel time: 1 Wait time: 2
  Atlanta Philadelphia 6/15/13 Travel time: 2 Wait time: 1
  Philadelphia Washington 6/18/13 Travel time: 0 Wait time: 3
  Washington Flushing 6/21/13 Travel time: 1 Wait time: 7
  Flushing Austin 6/29/13 Travel time: 3

FOUND - Iteration 21 - 19 days - getting back on 6/27/13
  Austin Miami 6/8/13 Travel time: 3 Wait time: 1
  Miami Flushing 6/12/13 Travel time: 3 Wait time: 2
  Flushing Philadelphia 6/17/13 Travel time: 0 Wait time: 1
  Philadelphia Atlanta 6/18/13 Travel time: 2 Wait time: 1
  Atlanta Washington 6/21/13 Travel time: 1 Wait time: 2
  Washington Austin 6/24/13 Travel time: 3

Done.
Austin Miami 6/8/13 Travel time: 3 Wait time: 1
Miami Flushing 6/12/13 Travel time: 3 Wait time: 2
Flushing Philadelphia 6/17/13 Travel time: 0 Wait time: 1
Philadelphia Atlanta 6/18/13 Travel time: 2 Wait time: 1
Atlanta Washington 6/21/13 Travel time: 1 Wait time: 2
Washington Austin 6/24/13 Travel time: 3
Home on 6/27/13
Total Traversals: 325
